<?xml version="1.0" encoding="UTF-8"?>
<robot generator="Robot 4.1.3 (Python 3.10.2 on win32)" generated="20220422 17:33:09.807" rpa="false" schemaversion="2">
<suite id="s1" name="Robot Interactive Console" source="c:\Users\Tiago Gomes\.vscode\extensions\robocorp.robotframework-lsp-0.46.0\src\robotframework_ls\vendored\robotframework_interactive\robot_interactive_console.robot">
<test id="s1-t1" name="Default Task/Test">
<kw name="Interpreter Main Loop" library="MainLoop">
<kw name="Factory Partner List">
<var>${partners}</var>
<msg timestamp="20220422 17:33:10.659" level="FAIL">No keyword with name 'Factory Partner List' found.</msg>
<status status="FAIL" starttime="20220422 17:33:10.659" endtime="20220422 17:33:10.659"/>
</kw>
<for flavor="IN">
<var>${p}</var>
<value>@{partners}</value>
<iter>
<var name="${p}">${p}</var>
<kw name="Remove Partner By Name">
<arg>${partners}\[name]</arg>
<status status="NOT RUN" starttime="20220422 17:33:10.661" endtime="20220422 17:33:10.662"/>
</kw>
<kw name="POST Partner">
<arg>${p}</arg>
<status status="NOT RUN" starttime="20220422 17:33:10.663" endtime="20220422 17:33:10.663"/>
</kw>
<status status="NOT RUN" starttime="20220422 17:33:10.660" endtime="20220422 17:33:10.663"/>
</iter>
<status status="NOT RUN" starttime="20220422 17:33:10.660" endtime="20220422 17:33:10.663"/>
</for>
<status status="PASS" starttime="20220422 17:33:09.826" endtime="20220422 17:33:11.783"/>
</kw>
<status status="PASS" starttime="20220422 17:33:09.826" endtime="20220422 17:33:11.783"/>
</test>
<status status="PASS" starttime="20220422 17:33:09.808" endtime="20220422 17:33:11.784"/>
</suite>
<statistics>
<total>
<stat pass="1" fail="0" skip="0">All Tests</stat>
</total>
<tag>
</tag>
<suite>
<stat pass="1" fail="0" skip="0" id="s1" name="Robot Interactive Console">Robot Interactive Console</stat>
</suite>
</statistics>
<errors>
</errors>
</robot>
