<?xml version="1.0" encoding="UTF-8"?>
<robot generator="Robot 4.1.3 (Python 3.10.2 on win32)" generated="20220422 17:01:39.071" rpa="false" schemaversion="2">
<suite id="s1" name="Get" source="C:\Users\Tiago Gomes\OneDrive\Documentos\Automação de Testes\RobotFramework\API_Expert\buger-eats-partner-ms\TestsAPI\Tests\get.robot">
<test id="s1-t1" name="Should return a partner list">
<kw name="Factory Partner List" library="partner">
<var>${partners}</var>
<msg timestamp="20220422 17:01:39.460" level="INFO">${partners} = [{'name': 'Tabata Mercearia', 'email': 'contato@TMercearia.com.br', 'whatsapp': '31988881001', 'business': 'Conveniência'}, {'name': 'Braian Action Figure', 'email': 'contato@BraianAF.com.br', 'whatsa...</msg>
<status status="PASS" starttime="20220422 17:01:39.460" endtime="20220422 17:01:39.460"/>
</kw>
<for flavor="IN">
<var>${p}</var>
<value>@{partners}</value>
<iter>
<var name="${p}">{'name': 'Tabata Mercearia', 'email': 'contato@TMercearia.com.br', 'whatsapp': '31988881001', 'business': 'Conveniência'}</var>
<kw name="Remove Partner By Name" library="database">
<arg>${partners}\[name]</arg>
<kw name="Create Dictionary" library="BuiltIn">
<var>${Filter}</var>
<arg>name=${Partner_name}</arg>
<doc>Creates and returns a dictionary based on the given ``items``.</doc>
<msg timestamp="20220422 17:01:39.461" level="INFO">${Filter} = {'name': "[{'name': 'Tabata Mercearia', 'email': 'contato@TMercearia.com.br', 'whatsapp': '31988881001', 'business': 'Conveniência'}, {'name': 'Braian Action Figure', 'email': 'contato@BraianAF.com.br...</msg>
<status status="PASS" starttime="20220422 17:01:39.461" endtime="20220422 17:01:39.461"/>
</kw>
<kw name="Delete One" library="RobotMongoDBLibrary.Delete">
<arg>${MONGO_URI}</arg>
<arg>${Filter}</arg>
<status status="PASS" starttime="20220422 17:01:39.462" endtime="20220422 17:01:39.782"/>
</kw>
<kw name="Set Global Variable" library="BuiltIn">
<arg>${Filter}</arg>
<doc>Makes a variable available globally in all tests and suites.</doc>
<msg timestamp="20220422 17:01:39.783" level="INFO">${Filter} = {'name': "[{'name': 'Tabata Mercearia', 'email': 'contato@TMercearia.com.br', 'whatsapp': '31988881001', 'business': 'Conveniência'}, {'name': 'Braian Action Figure', 'email': 'contato@BraianAF.com.br...</msg>
<status status="PASS" starttime="20220422 17:01:39.782" endtime="20220422 17:01:39.783"/>
</kw>
<kw name="Set Global Variable" library="BuiltIn">
<arg>${Partner_name}</arg>
<doc>Makes a variable available globally in all tests and suites.</doc>
<msg timestamp="20220422 17:01:39.783" level="INFO">${Partner_name} = [{'name': 'Tabata Mercearia', 'email': 'contato@TMercearia.com.br', 'whatsapp': '31988881001', 'business': 'Conveniência'}, {'name': 'Braian Action Figure', 'email': 'contato@BraianAF.com.br', 'whatsa...</msg>
<status status="PASS" starttime="20220422 17:01:39.783" endtime="20220422 17:01:39.783"/>
</kw>
<status status="PASS" starttime="20220422 17:01:39.461" endtime="20220422 17:01:39.783"/>
</kw>
<kw name="POST Partner" library="services">
<arg>${p}</arg>
<kw name="Create Session" library="RequestsLibrary">
<arg>CreatePartner</arg>
<arg>${BASE_URL}</arg>
<doc>Create Session: create a HTTP session to a server</doc>
<msg timestamp="20220422 17:01:39.784" level="INFO">Creating Session using : alias=CreatePartner, url=http://localhost:3333/partners, headers={},                     cookies={}, auth=None, timeout=None, proxies=None, verify=False,                     debug=0 </msg>
<status status="PASS" starttime="20220422 17:01:39.783" endtime="20220422 17:01:39.784"/>
</kw>
<kw name="POST On Session" library="RequestsLibrary">
<var>${Response}</var>
<arg>CreatePartner</arg>
<arg>${BASE_URL}</arg>
<arg>json=${payload}</arg>
<arg>headers=${HEADERS}</arg>
<arg>expected_status=any</arg>
<doc>Sends a POST request on a previously created HTTP Session.</doc>
<msg timestamp="20220422 17:01:39.842" level="INFO">POST Request : url=http://localhost:3333/partners 
 path_url=/partners 
 headers={'User-Agent': 'python-requests/2.27.1', 'Accept-Encoding': 'gzip, deflate', 'Accept': '*/*', 'Connection': 'keep-alive', 'Content-Type': 'application/json', 'auth_user': 'qa', 'auth_password': 'ninja', 'Content-Length': '126'} 
 body=b'{"name": "Tabata Mercearia", "email": "contato@TMercearia.com.br", "whatsapp": "31988881001", "business": "Conveni\\u00eancia"}' 
 </msg>
<msg timestamp="20220422 17:01:39.843" level="INFO">POST Response : url=http://localhost:3333/partners 
 status=201, reason=Created 
 headers={'X-Powered-By': 'Express', 'Access-Control-Allow-Origin': '*', 'Access-Control-Expose-Headers': 'Authorization,auth_user,auth_password', 'Content-Type': 'application/json; charset=utf-8', 'Content-Length': '41', 'ETag': 'W/"29-BkdFkX1XtiJZ2MmxEqhZUP+sehU"', 'Date': 'Fri, 22 Apr 2022 20:01:39 GMT', 'Connection': 'keep-alive', 'Keep-Alive': 'timeout=5'} 
 body={"partner_id":"626309a30f0ef13fe32b0e8e"} 
 </msg>
<msg timestamp="20220422 17:01:39.843" level="INFO">${Response} = &lt;Response [201]&gt;</msg>
<status status="PASS" starttime="20220422 17:01:39.784" endtime="20220422 17:01:39.843"/>
</kw>
<status status="PASS" starttime="20220422 17:01:39.783" endtime="20220422 17:01:39.843"/>
</kw>
<status status="PASS" starttime="20220422 17:01:39.461" endtime="20220422 17:01:39.843"/>
</iter>
<iter>
<var name="${p}">{'name': 'Braian Action Figure', 'email': 'contato@BraianAF.com.br', 'whatsapp': '3199991002', 'business': 'Supermercado'}</var>
<kw name="Remove Partner By Name" library="database">
<arg>${partners}\[name]</arg>
<kw name="Create Dictionary" library="BuiltIn">
<var>${Filter}</var>
<arg>name=${Partner_name}</arg>
<doc>Creates and returns a dictionary based on the given ``items``.</doc>
<msg timestamp="20220422 17:01:39.843" level="INFO">${Filter} = {'name': "[{'name': 'Tabata Mercearia', 'email': 'contato@TMercearia.com.br', 'whatsapp': '31988881001', 'business': 'Conveniência'}, {'name': 'Braian Action Figure', 'email': 'contato@BraianAF.com.br...</msg>
<status status="PASS" starttime="20220422 17:01:39.843" endtime="20220422 17:01:39.843"/>
</kw>
<kw name="Delete One" library="RobotMongoDBLibrary.Delete">
<arg>${MONGO_URI}</arg>
<arg>${Filter}</arg>
<status status="PASS" starttime="20220422 17:01:39.843" endtime="20220422 17:01:40.170"/>
</kw>
<kw name="Set Global Variable" library="BuiltIn">
<arg>${Filter}</arg>
<doc>Makes a variable available globally in all tests and suites.</doc>
<msg timestamp="20220422 17:01:40.170" level="INFO">${Filter} = {'name': "[{'name': 'Tabata Mercearia', 'email': 'contato@TMercearia.com.br', 'whatsapp': '31988881001', 'business': 'Conveniência'}, {'name': 'Braian Action Figure', 'email': 'contato@BraianAF.com.br...</msg>
<status status="PASS" starttime="20220422 17:01:40.170" endtime="20220422 17:01:40.170"/>
</kw>
<kw name="Set Global Variable" library="BuiltIn">
<arg>${Partner_name}</arg>
<doc>Makes a variable available globally in all tests and suites.</doc>
<msg timestamp="20220422 17:01:40.170" level="INFO">${Partner_name} = [{'name': 'Tabata Mercearia', 'email': 'contato@TMercearia.com.br', 'whatsapp': '31988881001', 'business': 'Conveniência'}, {'name': 'Braian Action Figure', 'email': 'contato@BraianAF.com.br', 'whatsa...</msg>
<status status="PASS" starttime="20220422 17:01:40.170" endtime="20220422 17:01:40.170"/>
</kw>
<status status="PASS" starttime="20220422 17:01:39.843" endtime="20220422 17:01:40.170"/>
</kw>
<kw name="POST Partner" library="services">
<arg>${p}</arg>
<kw name="Create Session" library="RequestsLibrary">
<arg>CreatePartner</arg>
<arg>${BASE_URL}</arg>
<doc>Create Session: create a HTTP session to a server</doc>
<msg timestamp="20220422 17:01:40.171" level="INFO">Creating Session using : alias=CreatePartner, url=http://localhost:3333/partners, headers={},                     cookies={}, auth=None, timeout=None, proxies=None, verify=False,                     debug=0 </msg>
<status status="PASS" starttime="20220422 17:01:40.171" endtime="20220422 17:01:40.171"/>
</kw>
<kw name="POST On Session" library="RequestsLibrary">
<var>${Response}</var>
<arg>CreatePartner</arg>
<arg>${BASE_URL}</arg>
<arg>json=${payload}</arg>
<arg>headers=${HEADERS}</arg>
<arg>expected_status=any</arg>
<doc>Sends a POST request on a previously created HTTP Session.</doc>
<msg timestamp="20220422 17:01:40.208" level="INFO">POST Request : url=http://localhost:3333/partners 
 path_url=/partners 
 headers={'User-Agent': 'python-requests/2.27.1', 'Accept-Encoding': 'gzip, deflate', 'Accept': '*/*', 'Connection': 'keep-alive', 'Content-Type': 'application/json', 'auth_user': 'qa', 'auth_password': 'ninja', 'Content-Length': '122'} 
 body=b'{"name": "Braian Action Figure", "email": "contato@BraianAF.com.br", "whatsapp": "3199991002", "business": "Supermercado"}' 
 </msg>
<msg timestamp="20220422 17:01:40.208" level="INFO">POST Response : url=http://localhost:3333/partners 
 status=201, reason=Created 
 headers={'X-Powered-By': 'Express', 'Access-Control-Allow-Origin': '*', 'Access-Control-Expose-Headers': 'Authorization,auth_user,auth_password', 'Content-Type': 'application/json; charset=utf-8', 'Content-Length': '41', 'ETag': 'W/"29-5AvCeh0cuUgYSWtE4FeZWyrsV6I"', 'Date': 'Fri, 22 Apr 2022 20:01:40 GMT', 'Connection': 'keep-alive', 'Keep-Alive': 'timeout=5'} 
 body={"partner_id":"626309a40f0ef13fe32b0e90"} 
 </msg>
<msg timestamp="20220422 17:01:40.208" level="INFO">${Response} = &lt;Response [201]&gt;</msg>
<status status="PASS" starttime="20220422 17:01:40.171" endtime="20220422 17:01:40.208"/>
</kw>
<status status="PASS" starttime="20220422 17:01:40.170" endtime="20220422 17:01:40.208"/>
</kw>
<status status="PASS" starttime="20220422 17:01:39.843" endtime="20220422 17:01:40.208"/>
</iter>
<iter>
<var name="${p}">{'name': 'Maria das Graças Rest', 'email': 'contato@MGRest.com.br', 'whatsapp': '31999991003', 'business': 'Restaurante'}</var>
<kw name="Remove Partner By Name" library="database">
<arg>${partners}\[name]</arg>
<kw name="Create Dictionary" library="BuiltIn">
<var>${Filter}</var>
<arg>name=${Partner_name}</arg>
<doc>Creates and returns a dictionary based on the given ``items``.</doc>
<msg timestamp="20220422 17:01:40.209" level="INFO">${Filter} = {'name': "[{'name': 'Tabata Mercearia', 'email': 'contato@TMercearia.com.br', 'whatsapp': '31988881001', 'business': 'Conveniência'}, {'name': 'Braian Action Figure', 'email': 'contato@BraianAF.com.br...</msg>
<status status="PASS" starttime="20220422 17:01:40.209" endtime="20220422 17:01:40.209"/>
</kw>
<kw name="Delete One" library="RobotMongoDBLibrary.Delete">
<arg>${MONGO_URI}</arg>
<arg>${Filter}</arg>
<status status="PASS" starttime="20220422 17:01:40.209" endtime="20220422 17:01:40.525"/>
</kw>
<kw name="Set Global Variable" library="BuiltIn">
<arg>${Filter}</arg>
<doc>Makes a variable available globally in all tests and suites.</doc>
<msg timestamp="20220422 17:01:40.525" level="INFO">${Filter} = {'name': "[{'name': 'Tabata Mercearia', 'email': 'contato@TMercearia.com.br', 'whatsapp': '31988881001', 'business': 'Conveniência'}, {'name': 'Braian Action Figure', 'email': 'contato@BraianAF.com.br...</msg>
<status status="PASS" starttime="20220422 17:01:40.525" endtime="20220422 17:01:40.525"/>
</kw>
<kw name="Set Global Variable" library="BuiltIn">
<arg>${Partner_name}</arg>
<doc>Makes a variable available globally in all tests and suites.</doc>
<msg timestamp="20220422 17:01:40.526" level="INFO">${Partner_name} = [{'name': 'Tabata Mercearia', 'email': 'contato@TMercearia.com.br', 'whatsapp': '31988881001', 'business': 'Conveniência'}, {'name': 'Braian Action Figure', 'email': 'contato@BraianAF.com.br', 'whatsa...</msg>
<status status="PASS" starttime="20220422 17:01:40.526" endtime="20220422 17:01:40.526"/>
</kw>
<status status="PASS" starttime="20220422 17:01:40.209" endtime="20220422 17:01:40.526"/>
</kw>
<kw name="POST Partner" library="services">
<arg>${p}</arg>
<kw name="Create Session" library="RequestsLibrary">
<arg>CreatePartner</arg>
<arg>${BASE_URL}</arg>
<doc>Create Session: create a HTTP session to a server</doc>
<msg timestamp="20220422 17:01:40.526" level="INFO">Creating Session using : alias=CreatePartner, url=http://localhost:3333/partners, headers={},                     cookies={}, auth=None, timeout=None, proxies=None, verify=False,                     debug=0 </msg>
<status status="PASS" starttime="20220422 17:01:40.526" endtime="20220422 17:01:40.526"/>
</kw>
<kw name="POST On Session" library="RequestsLibrary">
<var>${Response}</var>
<arg>CreatePartner</arg>
<arg>${BASE_URL}</arg>
<arg>json=${payload}</arg>
<arg>headers=${HEADERS}</arg>
<arg>expected_status=any</arg>
<doc>Sends a POST request on a previously created HTTP Session.</doc>
<msg timestamp="20220422 17:01:40.564" level="INFO">POST Request : url=http://localhost:3333/partners 
 path_url=/partners 
 headers={'User-Agent': 'python-requests/2.27.1', 'Accept-Encoding': 'gzip, deflate', 'Accept': '*/*', 'Connection': 'keep-alive', 'Content-Type': 'application/json', 'auth_user': 'qa', 'auth_password': 'ninja', 'Content-Length': '126'} 
 body=b'{"name": "Maria das Gra\\u00e7as Rest", "email": "contato@MGRest.com.br", "whatsapp": "31999991003", "business": "Restaurante"}' 
 </msg>
<msg timestamp="20220422 17:01:40.564" level="INFO">POST Response : url=http://localhost:3333/partners 
 status=201, reason=Created 
 headers={'X-Powered-By': 'Express', 'Access-Control-Allow-Origin': '*', 'Access-Control-Expose-Headers': 'Authorization,auth_user,auth_password', 'Content-Type': 'application/json; charset=utf-8', 'Content-Length': '41', 'ETag': 'W/"29-kxaQGWuJpR14fo8NswU/T/bLOPo"', 'Date': 'Fri, 22 Apr 2022 20:01:40 GMT', 'Connection': 'keep-alive', 'Keep-Alive': 'timeout=5'} 
 body={"partner_id":"626309a40f0ef13fe32b0e92"} 
 </msg>
<msg timestamp="20220422 17:01:40.564" level="INFO">${Response} = &lt;Response [201]&gt;</msg>
<status status="PASS" starttime="20220422 17:01:40.526" endtime="20220422 17:01:40.564"/>
</kw>
<status status="PASS" starttime="20220422 17:01:40.526" endtime="20220422 17:01:40.564"/>
</kw>
<status status="PASS" starttime="20220422 17:01:40.209" endtime="20220422 17:01:40.564"/>
</iter>
<status status="PASS" starttime="20220422 17:01:39.461" endtime="20220422 17:01:40.564"/>
</for>
<kw name="GET Partners" library="services">
<var>${Response}</var>
<kw name="Create Session" library="RequestsLibrary">
<arg>CreatePartner</arg>
<arg>${BASE_URL}</arg>
<doc>Create Session: create a HTTP session to a server</doc>
<msg timestamp="20220422 17:01:40.565" level="INFO">Creating Session using : alias=CreatePartner, url=http://localhost:3333/partners, headers={},                     cookies={}, auth=None, timeout=None, proxies=None, verify=False,                     debug=0 </msg>
<status status="PASS" starttime="20220422 17:01:40.565" endtime="20220422 17:01:40.565"/>
</kw>
<kw name="GET On Session" library="RequestsLibrary">
<var>${Response}</var>
<arg>CreatePartner</arg>
<arg>${BASE_URL}</arg>
<arg>headers=${HEADERS}</arg>
<arg>expected_status=any</arg>
<doc>Sends a GET request on a previously created HTTP Session.</doc>
<msg timestamp="20220422 17:01:40.601" level="INFO">GET Request : url=http://localhost:3333/partners 
 path_url=/partners 
 headers={'User-Agent': 'python-requests/2.27.1', 'Accept-Encoding': 'gzip, deflate', 'Accept': '*/*', 'Connection': 'keep-alive', 'Content-Type': 'application/json', 'auth_user': 'qa', 'auth_password': 'ninja'} 
 body=None 
 </msg>
<msg timestamp="20220422 17:01:40.601" level="INFO">GET Response : url=http://localhost:3333/partners 
 status=200, reason=OK 
 headers={'X-Powered-By': 'Express', 'Access-Control-Allow-Origin': '*', 'Access-Control-Expose-Headers': 'Authorization,auth_user,auth_password', 'Content-Type': 'application/json; charset=utf-8', 'Content-Length': '733', 'ETag': 'W/"2dd-aWw0nRSfS0iuedTRY0IqsDTasZk"', 'Date': 'Fri, 22 Apr 2022 20:01:40 GMT', 'Connection': 'keep-alive', 'Keep-Alive': 'timeout=5'} 
 body=[{"_id":"626309a40f0ef13fe32b0e92","name":"Maria das Graças Rest","email":"contato@MGRest.com.br","whatsapp":"31999991003","business":"Restaurante","active":false,"created_at":"2022-04-22T20:01:40.529Z","updated_at":"2022-04-22T20:01:40.529Z"},{"_id":"626309a40f0ef13fe32b0e90","name":"Braian Action Figure","email":"contato@BraianAF.com.br","whatsapp":"3199991002","business":"Supermercado","active":false,"created_at":"2022-04-22T20:01:40.175Z","updated_at":"2022-04-22T20:01:40.175Z"},{"_id":"626309a30f0ef13fe32b0e8e","name":"Tabata Mercearia","email":"contato@TMercearia.com.br","whatsapp":"31988881001","business":"Conveniência","active":false,"created_at":"2022-04-22T20:01:39.803Z","updated_at":"2022-04-22T20:01:39.803Z"}] 
 </msg>
<msg timestamp="20220422 17:01:40.603" level="INFO">${Response} = &lt;Response [200]&gt;</msg>
<status status="PASS" starttime="20220422 17:01:40.565" endtime="20220422 17:01:40.603"/>
</kw>
<msg timestamp="20220422 17:01:40.603" level="INFO">${Response} = &lt;Response [200]&gt;</msg>
<status status="PASS" starttime="20220422 17:01:40.565" endtime="20220422 17:01:40.603"/>
</kw>
<kw name="Status Should Be" library="RequestsLibrary">
<arg>200</arg>
<doc>Fails if response status code is different than the expected.</doc>
<status status="PASS" starttime="20220422 17:01:40.603" endtime="20220422 17:01:40.604"/>
</kw>
<kw name="Get Length" library="BuiltIn">
<var>${size}</var>
<arg>${response.json()}</arg>
<doc>Returns and logs the length of the given item as an integer.</doc>
<msg timestamp="20220422 17:01:40.604" level="INFO">Length is 3</msg>
<msg timestamp="20220422 17:01:40.604" level="INFO">${size} = 3</msg>
<status status="PASS" starttime="20220422 17:01:40.604" endtime="20220422 17:01:40.605"/>
</kw>
<kw name="Should Be True" library="BuiltIn">
<arg>${size} &gt; 0</arg>
<doc>Fails if the given condition is not true.</doc>
<status status="PASS" starttime="20220422 17:01:40.605" endtime="20220422 17:01:40.605"/>
</kw>
<status status="PASS" starttime="20220422 17:01:39.460" endtime="20220422 17:01:40.606"/>
</test>
<doc>POST /partners</doc>
<status status="PASS" starttime="20220422 17:01:39.072" endtime="20220422 17:01:40.607"/>
</suite>
<statistics>
<total>
<stat pass="1" fail="0" skip="0">All Tests</stat>
</total>
<tag>
</tag>
<suite>
<stat pass="1" fail="0" skip="0" id="s1" name="Get">Get</stat>
</suite>
</statistics>
<errors>
</errors>
</robot>
