<?xml version="1.0" encoding="UTF-8"?>
<robot generator="Robot 4.1.3 (Python 3.10.2 on win32)" generated="20220422 18:14:12.368" rpa="false" schemaversion="2">
<suite id="s1" name="Put" source="C:\Users\Tiago Gomes\OneDrive\Documentos\Automação de Testes\RobotFramework\API_Expert\buger-eats-partner-ms\TestsAPI\Tests\put.robot">
<test id="s1-t1" name="Should enable a partner">
<kw name="Factory Enable Partner" library="partner">
<var>${partner}</var>
<msg timestamp="20220422 18:14:12.765" level="INFO">${partner} = {'name': 'Jujuba Não Tem Antena', 'email': 'contato@jujuba.com.br', 'whatsapp': '1199991004', 'business': 'Conveniência'}</msg>
<status status="PASS" starttime="20220422 18:14:12.764" endtime="20220422 18:14:12.765"/>
</kw>
<kw name="Remove Partner By Name" library="database">
<arg>${partner}[name]</arg>
<kw name="Create Dictionary" library="BuiltIn">
<var>${Filter}</var>
<arg>name=${Partner_name}</arg>
<doc>Creates and returns a dictionary based on the given ``items``.</doc>
<msg timestamp="20220422 18:14:12.766" level="INFO">${Filter} = {'name': 'Jujuba Não Tem Antena'}</msg>
<status status="PASS" starttime="20220422 18:14:12.765" endtime="20220422 18:14:12.766"/>
</kw>
<kw name="Delete One" library="RobotMongoDBLibrary.Delete">
<arg>${MONGO_URI}</arg>
<arg>${Filter}</arg>
<status status="PASS" starttime="20220422 18:14:12.766" endtime="20220422 18:14:13.216"/>
</kw>
<kw name="Set Global Variable" library="BuiltIn">
<arg>${Filter}</arg>
<doc>Makes a variable available globally in all tests and suites.</doc>
<msg timestamp="20220422 18:14:13.216" level="INFO">${Filter} = {'name': 'Jujuba Não Tem Antena'}</msg>
<status status="PASS" starttime="20220422 18:14:13.216" endtime="20220422 18:14:13.216"/>
</kw>
<kw name="Set Global Variable" library="BuiltIn">
<arg>${Partner_name}</arg>
<doc>Makes a variable available globally in all tests and suites.</doc>
<msg timestamp="20220422 18:14:13.216" level="INFO">${Partner_name} = Jujuba Não Tem Antena</msg>
<status status="PASS" starttime="20220422 18:14:13.216" endtime="20220422 18:14:13.216"/>
</kw>
<status status="PASS" starttime="20220422 18:14:12.765" endtime="20220422 18:14:13.217"/>
</kw>
<kw name="POST Partner" library="services">
<var>${response}</var>
<arg>${partner}</arg>
<kw name="Create Session" library="RequestsLibrary">
<arg>CreatePartner</arg>
<arg>${BASE_URL}</arg>
<doc>Create Session: create a HTTP session to a server</doc>
<msg timestamp="20220422 18:14:13.217" level="INFO">Creating Session using : alias=CreatePartner, url=http://localhost:3333/partners, headers={},                     cookies={}, auth=None, timeout=None, proxies=None, verify=False,                     debug=0 </msg>
<status status="PASS" starttime="20220422 18:14:13.217" endtime="20220422 18:14:13.218"/>
</kw>
<kw name="POST On Session" library="RequestsLibrary">
<var>${Response}</var>
<arg>CreatePartner</arg>
<arg>${BASE_URL}</arg>
<arg>json=${payload}</arg>
<arg>headers=${HEADERS}</arg>
<arg>expected_status=any</arg>
<doc>Sends a POST request on a previously created HTTP Session.</doc>
<msg timestamp="20220422 18:14:13.254" level="INFO">POST Request : url=http://localhost:3333/partners 
 path_url=/partners 
 headers={'User-Agent': 'python-requests/2.27.1', 'Accept-Encoding': 'gzip, deflate', 'Accept': '*/*', 'Connection': 'keep-alive', 'Content-Type': 'application/json', 'auth_user': 'qa', 'auth_password': 'ninja', 'Content-Length': '131'} 
 body=b'{"name": "Jujuba N\\u00e3o Tem Antena", "email": "contato@jujuba.com.br", "whatsapp": "1199991004", "business": "Conveni\\u00eancia"}' 
 </msg>
<msg timestamp="20220422 18:14:13.254" level="INFO">POST Response : url=http://localhost:3333/partners 
 status=201, reason=Created 
 headers={'X-Powered-By': 'Express', 'Access-Control-Allow-Origin': '*', 'Access-Control-Expose-Headers': 'Authorization,auth_user,auth_password', 'Content-Type': 'application/json; charset=utf-8', 'Content-Length': '41', 'ETag': 'W/"29-O+UGdx1NxC7UyMcV3PMDghA7meg"', 'Date': 'Fri, 22 Apr 2022 21:14:13 GMT', 'Connection': 'keep-alive', 'Keep-Alive': 'timeout=5'} 
 body={"partner_id":"62631aa5ca833e138a1bfc61"} 
 </msg>
<msg timestamp="20220422 18:14:13.254" level="INFO">${Response} = &lt;Response [201]&gt;</msg>
<status status="PASS" starttime="20220422 18:14:13.218" endtime="20220422 18:14:13.254"/>
</kw>
<kw name="Set Global Variable" library="BuiltIn">
<arg>${payload}</arg>
<doc>Makes a variable available globally in all tests and suites.</doc>
<msg timestamp="20220422 18:14:13.255" level="INFO">${payload} = {'name': 'Jujuba Não Tem Antena', 'email': 'contato@jujuba.com.br', 'whatsapp': '1199991004', 'business': 'Conveniência'}</msg>
<status status="PASS" starttime="20220422 18:14:13.254" endtime="20220422 18:14:13.255"/>
</kw>
<msg timestamp="20220422 18:14:13.255" level="INFO">${response} = &lt;Response [201]&gt;</msg>
<status status="PASS" starttime="20220422 18:14:13.217" endtime="20220422 18:14:13.255"/>
</kw>
<kw name="Set Variable" library="BuiltIn">
<var>${partner_id}</var>
<arg>${response.json()}[partner_id]</arg>
<doc>Returns the given values which can then be assigned to a variables.</doc>
<msg timestamp="20220422 18:14:13.256" level="INFO">${partner_id} = 62631aa5ca833e138a1bfc61</msg>
<status status="PASS" starttime="20220422 18:14:13.255" endtime="20220422 18:14:13.256"/>
</kw>
<kw name="Enable Partner" library="services">
<var>${response}</var>
<arg>${partner_id}</arg>
<kw name="Create Session" library="RequestsLibrary">
<arg>CreatePartner</arg>
<arg>${BASE_URL}/${partner_id}/enable</arg>
<doc>Create Session: create a HTTP session to a server</doc>
<msg timestamp="20220422 18:14:13.257" level="INFO">Creating Session using : alias=CreatePartner, url=http://localhost:3333/partners/62631aa5ca833e138a1bfc61/enable, headers={},                     cookies={}, auth=None, timeout=None, proxies=None, verify=False,                     debug=0 </msg>
<status status="PASS" starttime="20220422 18:14:13.257" endtime="20220422 18:14:13.257"/>
</kw>
<kw name="PUT On Session" library="RequestsLibrary">
<var>${Response}</var>
<arg>CreatePartner</arg>
<arg>${BASE_URL}/${partner_id}/enable</arg>
<arg>json=${payload}</arg>
<arg>headers=${HEADERS}</arg>
<arg>expected_status=any</arg>
<doc>Sends a PUT request on a previously created HTTP Session.</doc>
<msg timestamp="20220422 18:14:13.292" level="INFO">PUT Request : url=http://localhost:3333/partners/62631aa5ca833e138a1bfc61/enable 
 path_url=/partners/62631aa5ca833e138a1bfc61/enable 
 headers={'User-Agent': 'python-requests/2.27.1', 'Accept-Encoding': 'gzip, deflate', 'Accept': '*/*', 'Connection': 'keep-alive', 'Content-Type': 'application/json', 'auth_user': 'qa', 'auth_password': 'ninja', 'Content-Length': '131'} 
 body=b'{"name": "Jujuba N\\u00e3o Tem Antena", "email": "contato@jujuba.com.br", "whatsapp": "1199991004", "business": "Conveni\\u00eancia"}' 
 </msg>
<msg timestamp="20220422 18:14:13.292" level="INFO">PUT Response : url=http://localhost:3333/partners/62631aa5ca833e138a1bfc61/enable 
 status=200, reason=OK 
 headers={'X-Powered-By': 'Express', 'Access-Control-Allow-Origin': '*', 'Access-Control-Expose-Headers': 'Authorization,auth_user,auth_password', 'Date': 'Fri, 22 Apr 2022 21:14:13 GMT', 'Connection': 'keep-alive', 'Keep-Alive': 'timeout=5', 'Content-Length': '0'} 
 body=None 
 </msg>
<msg timestamp="20220422 18:14:13.292" level="INFO">${Response} = &lt;Response [200]&gt;</msg>
<status status="PASS" starttime="20220422 18:14:13.257" endtime="20220422 18:14:13.292"/>
</kw>
<msg timestamp="20220422 18:14:13.292" level="INFO">${response} = &lt;Response [200]&gt;</msg>
<status status="PASS" starttime="20220422 18:14:13.256" endtime="20220422 18:14:13.292"/>
</kw>
<kw name="Status Should Be" library="RequestsLibrary">
<arg>200</arg>
<doc>Fails if response status code is different than the expected.</doc>
<status status="PASS" starttime="20220422 18:14:13.293" endtime="20220422 18:14:13.293"/>
</kw>
<status status="PASS" starttime="20220422 18:14:12.763" endtime="20220422 18:14:13.293"/>
</test>
<test id="s1-t2" name="Should return 404 on enable a partner">
<kw name="Factory 404 Partner" library="partner">
<var>${partner}</var>
<msg timestamp="20220422 18:14:13.295" level="INFO">${partner} = {'name': 'Joao dos Venenos', 'email': 'contato@venenos.com.br', 'whatsapp': '11999991007', 'business': 'Conveniência'}</msg>
<status status="PASS" starttime="20220422 18:14:13.295" endtime="20220422 18:14:13.295"/>
</kw>
<kw name="Remove Partner By Name" library="database">
<arg>${partner}[name]</arg>
<kw name="Create Dictionary" library="BuiltIn">
<var>${Filter}</var>
<arg>name=${Partner_name}</arg>
<doc>Creates and returns a dictionary based on the given ``items``.</doc>
<msg timestamp="20220422 18:14:13.295" level="INFO">${Filter} = {'name': 'Joao dos Venenos'}</msg>
<status status="PASS" starttime="20220422 18:14:13.295" endtime="20220422 18:14:13.296"/>
</kw>
<kw name="Delete One" library="RobotMongoDBLibrary.Delete">
<arg>${MONGO_URI}</arg>
<arg>${Filter}</arg>
<status status="PASS" starttime="20220422 18:14:13.296" endtime="20220422 18:14:13.616"/>
</kw>
<kw name="Set Global Variable" library="BuiltIn">
<arg>${Filter}</arg>
<doc>Makes a variable available globally in all tests and suites.</doc>
<msg timestamp="20220422 18:14:13.617" level="INFO">${Filter} = {'name': 'Joao dos Venenos'}</msg>
<status status="PASS" starttime="20220422 18:14:13.616" endtime="20220422 18:14:13.617"/>
</kw>
<kw name="Set Global Variable" library="BuiltIn">
<arg>${Partner_name}</arg>
<doc>Makes a variable available globally in all tests and suites.</doc>
<msg timestamp="20220422 18:14:13.617" level="INFO">${Partner_name} = Joao dos Venenos</msg>
<status status="PASS" starttime="20220422 18:14:13.617" endtime="20220422 18:14:13.617"/>
</kw>
<status status="PASS" starttime="20220422 18:14:13.295" endtime="20220422 18:14:13.617"/>
</kw>
<kw name="POST Partner" library="services">
<var>${response}</var>
<arg>${partner}</arg>
<kw name="Create Session" library="RequestsLibrary">
<arg>CreatePartner</arg>
<arg>${BASE_URL}</arg>
<doc>Create Session: create a HTTP session to a server</doc>
<msg timestamp="20220422 18:14:13.618" level="INFO">Creating Session using : alias=CreatePartner, url=http://localhost:3333/partners, headers={},                     cookies={}, auth=None, timeout=None, proxies=None, verify=False,                     debug=0 </msg>
<status status="PASS" starttime="20220422 18:14:13.618" endtime="20220422 18:14:13.618"/>
</kw>
<kw name="POST On Session" library="RequestsLibrary">
<var>${Response}</var>
<arg>CreatePartner</arg>
<arg>${BASE_URL}</arg>
<arg>json=${payload}</arg>
<arg>headers=${HEADERS}</arg>
<arg>expected_status=any</arg>
<doc>Sends a POST request on a previously created HTTP Session.</doc>
<msg timestamp="20220422 18:14:13.651" level="INFO">POST Request : url=http://localhost:3333/partners 
 path_url=/partners 
 headers={'User-Agent': 'python-requests/2.27.1', 'Accept-Encoding': 'gzip, deflate', 'Accept': '*/*', 'Connection': 'keep-alive', 'Content-Type': 'application/json', 'auth_user': 'qa', 'auth_password': 'ninja', 'Content-Length': '123'} 
 body=b'{"name": "Joao dos Venenos", "email": "contato@venenos.com.br", "whatsapp": "11999991007", "business": "Conveni\\u00eancia"}' 
 </msg>
<msg timestamp="20220422 18:14:13.651" level="INFO">POST Response : url=http://localhost:3333/partners 
 status=201, reason=Created 
 headers={'X-Powered-By': 'Express', 'Access-Control-Allow-Origin': '*', 'Access-Control-Expose-Headers': 'Authorization,auth_user,auth_password', 'Content-Type': 'application/json; charset=utf-8', 'Content-Length': '41', 'ETag': 'W/"29-uChz7XhT0N+A7aFl6r8tKzbBAS4"', 'Date': 'Fri, 22 Apr 2022 21:14:13 GMT', 'Connection': 'keep-alive', 'Keep-Alive': 'timeout=5'} 
 body={"partner_id":"62631aa5ca833e138a1bfc64"} 
 </msg>
<msg timestamp="20220422 18:14:13.651" level="INFO">${Response} = &lt;Response [201]&gt;</msg>
<status status="PASS" starttime="20220422 18:14:13.618" endtime="20220422 18:14:13.651"/>
</kw>
<kw name="Set Global Variable" library="BuiltIn">
<arg>${payload}</arg>
<doc>Makes a variable available globally in all tests and suites.</doc>
<msg timestamp="20220422 18:14:13.652" level="INFO">${payload} = {'name': 'Joao dos Venenos', 'email': 'contato@venenos.com.br', 'whatsapp': '11999991007', 'business': 'Conveniência'}</msg>
<status status="PASS" starttime="20220422 18:14:13.651" endtime="20220422 18:14:13.652"/>
</kw>
<msg timestamp="20220422 18:14:13.652" level="INFO">${response} = &lt;Response [201]&gt;</msg>
<status status="PASS" starttime="20220422 18:14:13.618" endtime="20220422 18:14:13.652"/>
</kw>
<kw name="Set Variable" library="BuiltIn">
<var>${partner_id}</var>
<arg>${response.json()}[partner_id]</arg>
<doc>Returns the given values which can then be assigned to a variables.</doc>
<msg timestamp="20220422 18:14:13.653" level="INFO">${partner_id} = 62631aa5ca833e138a1bfc64</msg>
<status status="PASS" starttime="20220422 18:14:13.652" endtime="20220422 18:14:13.653"/>
</kw>
<kw name="Remove Partner By Name" library="database">
<arg>${partner}[name]</arg>
<kw name="Create Dictionary" library="BuiltIn">
<var>${Filter}</var>
<arg>name=${Partner_name}</arg>
<doc>Creates and returns a dictionary based on the given ``items``.</doc>
<msg timestamp="20220422 18:14:13.654" level="INFO">${Filter} = {'name': 'Joao dos Venenos'}</msg>
<status status="PASS" starttime="20220422 18:14:13.654" endtime="20220422 18:14:13.654"/>
</kw>
<kw name="Delete One" library="RobotMongoDBLibrary.Delete">
<arg>${MONGO_URI}</arg>
<arg>${Filter}</arg>
<status status="PASS" starttime="20220422 18:14:13.654" endtime="20220422 18:14:14.985"/>
</kw>
<kw name="Set Global Variable" library="BuiltIn">
<arg>${Filter}</arg>
<doc>Makes a variable available globally in all tests and suites.</doc>
<msg timestamp="20220422 18:14:14.985" level="INFO">${Filter} = {'name': 'Joao dos Venenos'}</msg>
<status status="PASS" starttime="20220422 18:14:14.985" endtime="20220422 18:14:14.986"/>
</kw>
<kw name="Set Global Variable" library="BuiltIn">
<arg>${Partner_name}</arg>
<doc>Makes a variable available globally in all tests and suites.</doc>
<msg timestamp="20220422 18:14:14.986" level="INFO">${Partner_name} = Joao dos Venenos</msg>
<status status="PASS" starttime="20220422 18:14:14.986" endtime="20220422 18:14:14.986"/>
</kw>
<status status="PASS" starttime="20220422 18:14:13.653" endtime="20220422 18:14:14.986"/>
</kw>
<kw name="Enable Partner" library="services">
<var>${response}</var>
<arg>${partner_id}</arg>
<kw name="Create Session" library="RequestsLibrary">
<arg>CreatePartner</arg>
<arg>${BASE_URL}/${partner_id}/enable</arg>
<doc>Create Session: create a HTTP session to a server</doc>
<msg timestamp="20220422 18:14:14.987" level="INFO">Creating Session using : alias=CreatePartner, url=http://localhost:3333/partners/62631aa5ca833e138a1bfc64/enable, headers={},                     cookies={}, auth=None, timeout=None, proxies=None, verify=False,                     debug=0 </msg>
<status status="PASS" starttime="20220422 18:14:14.987" endtime="20220422 18:14:14.987"/>
</kw>
<kw name="PUT On Session" library="RequestsLibrary">
<var>${Response}</var>
<arg>CreatePartner</arg>
<arg>${BASE_URL}/${partner_id}/enable</arg>
<arg>json=${payload}</arg>
<arg>headers=${HEADERS}</arg>
<arg>expected_status=any</arg>
<doc>Sends a PUT request on a previously created HTTP Session.</doc>
<msg timestamp="20220422 18:14:15.016" level="INFO">PUT Request : url=http://localhost:3333/partners/62631aa5ca833e138a1bfc64/enable 
 path_url=/partners/62631aa5ca833e138a1bfc64/enable 
 headers={'User-Agent': 'python-requests/2.27.1', 'Accept-Encoding': 'gzip, deflate', 'Accept': '*/*', 'Connection': 'keep-alive', 'Content-Type': 'application/json', 'auth_user': 'qa', 'auth_password': 'ninja', 'Content-Length': '123'} 
 body=b'{"name": "Joao dos Venenos", "email": "contato@venenos.com.br", "whatsapp": "11999991007", "business": "Conveni\\u00eancia"}' 
 </msg>
<msg timestamp="20220422 18:14:15.016" level="INFO">PUT Response : url=http://localhost:3333/partners/62631aa5ca833e138a1bfc64/enable 
 status=404, reason=Not Found 
 headers={'X-Powered-By': 'Express', 'Access-Control-Allow-Origin': '*', 'Access-Control-Expose-Headers': 'Authorization,auth_user,auth_password', 'Date': 'Fri, 22 Apr 2022 21:14:15 GMT', 'Connection': 'keep-alive', 'Keep-Alive': 'timeout=5', 'Content-Length': '0'} 
 body=None 
 </msg>
<msg timestamp="20220422 18:14:15.016" level="INFO">${Response} = &lt;Response [404]&gt;</msg>
<status status="PASS" starttime="20220422 18:14:14.987" endtime="20220422 18:14:15.016"/>
</kw>
<msg timestamp="20220422 18:14:15.016" level="INFO">${response} = &lt;Response [404]&gt;</msg>
<status status="PASS" starttime="20220422 18:14:14.986" endtime="20220422 18:14:15.016"/>
</kw>
<kw name="Status Should Be" library="RequestsLibrary">
<arg>404</arg>
<doc>Fails if response status code is different than the expected.</doc>
<status status="PASS" starttime="20220422 18:14:15.017" endtime="20220422 18:14:15.017"/>
</kw>
<status status="PASS" starttime="20220422 18:14:13.294" endtime="20220422 18:14:15.017"/>
</test>
<doc>POST /partners</doc>
<status status="PASS" starttime="20220422 18:14:12.369" endtime="20220422 18:14:15.018"/>
</suite>
<statistics>
<total>
<stat pass="2" fail="0" skip="0">All Tests</stat>
</total>
<tag>
</tag>
<suite>
<stat pass="2" fail="0" skip="0" id="s1" name="Put">Put</stat>
</suite>
</statistics>
<errors>
</errors>
</robot>
