<?xml version="1.0" encoding="UTF-8"?>
<robot generator="Robot 4.1.3 (Python 3.10.2 on win32)" generated="20220421 17:29:37.512" rpa="false" schemaversion="2">
<suite id="s1" name="TestsAPI" source="C:\Users\Tiago Gomes\OneDrive\Documentos\Automação de Testes\RobotFramework\API_Expert\buger-eats-partner-ms\TestsAPI">
<suite id="s1-s1" name="Tests" source="C:\Users\Tiago Gomes\OneDrive\Documentos\Automação de Testes\RobotFramework\API_Expert\buger-eats-partner-ms\TestsAPI\Tests">
<suite id="s1-s1-s1" name="Post" source="C:\Users\Tiago Gomes\OneDrive\Documentos\Automação de Testes\RobotFramework\API_Expert\buger-eats-partner-ms\TestsAPI\Tests\post.robot">
<test id="s1-s1-s1-t1" name="Conectar a API BugerEats">
<kw name="Create Session" library="RequestsLibrary">
<arg>CreatePartner</arg>
<arg>${BASE_URL}</arg>
<doc>Create Session: create a HTTP session to a server</doc>
<msg timestamp="20220421 17:29:37.930" level="INFO">Creating Session using : alias=CreatePartner, url=http://localhost:3333/partners, headers={},                     cookies={}, auth=None, timeout=None, proxies=None, verify=False,                     debug=0 </msg>
<status status="PASS" starttime="20220421 17:29:37.929" endtime="20220421 17:29:37.930"/>
</kw>
<status status="PASS" starttime="20220421 17:29:37.927" endtime="20220421 17:29:37.930"/>
</test>
<test id="s1-s1-s1-t2" name="Should create a new partner">
<kw name="Factory New Partner" library="partner">
<var>${Partner}</var>
<msg timestamp="20220421 17:29:37.932" level="INFO">${Partner} = {'name': 'Pizzas Papito', 'email': 'contato@papito.com.br', 'whatsapp': '11999999999', 'business': 'Restaurante'}</msg>
<status status="PASS" starttime="20220421 17:29:37.932" endtime="20220421 17:29:37.932"/>
</kw>
<kw name="Set Global Variable" library="BuiltIn">
<arg>${Partner}</arg>
<doc>Makes a variable available globally in all tests and suites.</doc>
<msg timestamp="20220421 17:29:37.933" level="INFO">${Partner} = {'name': 'Pizzas Papito', 'email': 'contato@papito.com.br', 'whatsapp': '11999999999', 'business': 'Restaurante'}</msg>
<status status="PASS" starttime="20220421 17:29:37.933" endtime="20220421 17:29:37.933"/>
</kw>
<kw name="Remove Partner By Name" library="database">
<arg>${Partner}[name]</arg>
<kw name="Create Dictionary" library="BuiltIn">
<var>${Filter}</var>
<arg>name=${Partner_name}</arg>
<doc>Creates and returns a dictionary based on the given ``items``.</doc>
<msg timestamp="20220421 17:29:37.934" level="INFO">${Filter} = {'name': 'Pizzas Papito'}</msg>
<status status="PASS" starttime="20220421 17:29:37.934" endtime="20220421 17:29:37.934"/>
</kw>
<kw name="Delete One" library="RobotMongoDBLibrary.Delete">
<arg>${MONGO_URI}</arg>
<arg>${Filter}</arg>
<status status="PASS" starttime="20220421 17:29:37.934" endtime="20220421 17:29:38.392"/>
</kw>
<kw name="Set Global Variable" library="BuiltIn">
<arg>${Filter}</arg>
<doc>Makes a variable available globally in all tests and suites.</doc>
<msg timestamp="20220421 17:29:38.392" level="INFO">${Filter} = {'name': 'Pizzas Papito'}</msg>
<status status="PASS" starttime="20220421 17:29:38.392" endtime="20220421 17:29:38.392"/>
</kw>
<status status="PASS" starttime="20220421 17:29:37.933" endtime="20220421 17:29:38.393"/>
</kw>
<kw name="POST Partner" library="services">
<var>${response}</var>
<arg>${Partner}</arg>
<kw name="POST On Session" library="RequestsLibrary">
<var>${Response}</var>
<arg>CreatePartner</arg>
<arg>${BASE_URL}</arg>
<arg>json=${payload}</arg>
<arg>headers=${HEADERS}</arg>
<arg>expected_status=201</arg>
<doc>Sends a POST request on a previously created HTTP Session.</doc>
<msg timestamp="20220421 17:29:38.434" level="INFO">POST Request : url=http://localhost:3333/partners 
 path_url=/partners 
 headers={'User-Agent': 'python-requests/2.27.1', 'Accept-Encoding': 'gzip, deflate', 'Accept': '*/*', 'Connection': 'keep-alive', 'Content-Type': 'application/json', 'auth_user': 'qa', 'auth_password': 'ninja', 'Content-Length': '113'} 
 body=b'{"name": "Pizzas Papito", "email": "contato@papito.com.br", "whatsapp": "11999999999", "business": "Restaurante"}' 
 </msg>
<msg timestamp="20220421 17:29:38.434" level="INFO">POST Response : url=http://localhost:3333/partners 
 status=201, reason=Created 
 headers={'X-Powered-By': 'Express', 'Access-Control-Allow-Origin': '*', 'Access-Control-Expose-Headers': 'Authorization,auth_user,auth_password', 'Content-Type': 'application/json; charset=utf-8', 'Content-Length': '41', 'ETag': 'W/"29-PyqSqzMSDe7cpBhAqFP+Erx9fLc"', 'Date': 'Thu, 21 Apr 2022 20:29:38 GMT', 'Connection': 'keep-alive', 'Keep-Alive': 'timeout=5'} 
 body={"partner_id":"6261beb2a6606101b84a6322"} 
 </msg>
<msg timestamp="20220421 17:29:38.434" level="INFO">${Response} = &lt;Response [201]&gt;</msg>
<status status="PASS" starttime="20220421 17:29:38.393" endtime="20220421 17:29:38.434"/>
</kw>
<msg timestamp="20220421 17:29:38.434" level="INFO">${response} = &lt;Response [201]&gt;</msg>
<status status="PASS" starttime="20220421 17:29:38.393" endtime="20220421 17:29:38.434"/>
</kw>
<kw name="Find Partner By Name" library="database">
<var>${Result}</var>
<arg>${Partner}[name]</arg>
<kw name="Find" library="RobotMongoDBLibrary.Find">
<var>${Result}</var>
<arg>${MONGO_URI}</arg>
<arg>${Filter}</arg>
<msg timestamp="20220421 17:29:38.838" level="INFO">${Result} = [{'_id': '6261beb2a6606101b84a6322', 'name': 'Pizzas Papito', 'email': 'contato@papito.com.br', 'whatsapp': '11999999999', 'business': 'Restaurante', 'active': False, 'created_at': datetime.datetime(2...</msg>
<status status="PASS" starttime="20220421 17:29:38.435" endtime="20220421 17:29:38.838"/>
</kw>
<kw name="Set Global Variable" library="BuiltIn">
<arg>${Result}</arg>
<doc>Makes a variable available globally in all tests and suites.</doc>
<msg timestamp="20220421 17:29:38.839" level="INFO">${Result} = [{'_id': '6261beb2a6606101b84a6322', 'name': 'Pizzas Papito', 'email': 'contato@papito.com.br', 'whatsapp': '11999999999', 'business': 'Restaurante', 'active': False, 'created_at': datetime.datetime(2...</msg>
<status status="PASS" starttime="20220421 17:29:38.838" endtime="20220421 17:29:38.839"/>
</kw>
<msg timestamp="20220421 17:29:38.840" level="INFO">${Result} = {'_id': '6261beb2a6606101b84a6322', 'name': 'Pizzas Papito', 'email': 'contato@papito.com.br', 'whatsapp': '11999999999', 'business': 'Restaurante', 'active': False, 'created_at': datetime.datetime(20...</msg>
<status status="PASS" starttime="20220421 17:29:38.435" endtime="20220421 17:29:38.840"/>
</kw>
<kw name="Should Be Equal" library="BuiltIn">
<arg>${Response.json()}[partner_id]</arg>
<arg>${Result}[_id]</arg>
<doc>Fails if the given objects are unequal.</doc>
<status status="PASS" starttime="20220421 17:29:38.840" endtime="20220421 17:29:38.841"/>
</kw>
<status status="PASS" starttime="20220421 17:29:37.932" endtime="20220421 17:29:38.842"/>
</test>
<doc>POST /partners</doc>
<status status="PASS" starttime="20220421 17:29:37.540" endtime="20220421 17:29:38.843"/>
</suite>
<status status="PASS" starttime="20220421 17:29:37.536" endtime="20220421 17:29:38.846"/>
</suite>
<status status="PASS" starttime="20220421 17:29:37.513" endtime="20220421 17:29:38.848"/>
</suite>
<statistics>
<total>
<stat pass="2" fail="0" skip="0">All Tests</stat>
</total>
<tag>
</tag>
<suite>
<stat pass="2" fail="0" skip="0" id="s1" name="TestsAPI">TestsAPI</stat>
<stat pass="2" fail="0" skip="0" id="s1-s1" name="Tests">TestsAPI.Tests</stat>
<stat pass="2" fail="0" skip="0" id="s1-s1-s1" name="Post">TestsAPI.Tests.Post</stat>
</suite>
</statistics>
<errors>
</errors>
</robot>
