<?xml version="1.0" encoding="UTF-8"?>
<robot generator="Robot 4.1.3 (Python 3.10.2 on win32)" generated="20220422 18:51:07.394" rpa="false" schemaversion="2">
<suite id="s1" name="Put" source="C:\Users\Tiago Gomes\OneDrive\Documentos\Automação de Testes\RobotFramework\API_Expert\buger-eats-partner-ms\TestsAPI\Tests\put.robot">
<test id="s1-t1" name="Should enable a partner">
<kw name="Factory Enable Partner" library="partner">
<var>${partner}</var>
<msg timestamp="20220422 18:51:07.760" level="INFO">${partner} = {'name': 'Jujuba Não Tem Antena', 'email': 'contato@jujuba.com.br', 'whatsapp': '1199991004', 'business': 'Conveniência'}</msg>
<status status="PASS" starttime="20220422 18:51:07.760" endtime="20220422 18:51:07.760"/>
</kw>
<kw name="Create a new partner" library="helpers">
<var>${partner_id}</var>
<arg>${partner}</arg>
<kw name="Remove Partner By Name" library="database">
<arg>${partner}[name]</arg>
<kw name="Create Dictionary" library="BuiltIn">
<var>${Filter}</var>
<arg>name=${Partner_name}</arg>
<doc>Creates and returns a dictionary based on the given ``items``.</doc>
<msg timestamp="20220422 18:51:07.762" level="INFO">${Filter} = {'name': 'Jujuba Não Tem Antena'}</msg>
<status status="PASS" starttime="20220422 18:51:07.761" endtime="20220422 18:51:07.762"/>
</kw>
<kw name="Delete One" library="RobotMongoDBLibrary.Delete">
<arg>${MONGO_URI}</arg>
<arg>${Filter}</arg>
<status status="PASS" starttime="20220422 18:51:07.762" endtime="20220422 18:51:08.158"/>
</kw>
<kw name="Set Global Variable" library="BuiltIn">
<arg>${Filter}</arg>
<doc>Makes a variable available globally in all tests and suites.</doc>
<msg timestamp="20220422 18:51:08.158" level="INFO">${Filter} = {'name': 'Jujuba Não Tem Antena'}</msg>
<status status="PASS" starttime="20220422 18:51:08.158" endtime="20220422 18:51:08.158"/>
</kw>
<kw name="Set Global Variable" library="BuiltIn">
<arg>${Partner_name}</arg>
<doc>Makes a variable available globally in all tests and suites.</doc>
<msg timestamp="20220422 18:51:08.159" level="INFO">${Partner_name} = Jujuba Não Tem Antena</msg>
<status status="PASS" starttime="20220422 18:51:08.158" endtime="20220422 18:51:08.159"/>
</kw>
<status status="PASS" starttime="20220422 18:51:07.761" endtime="20220422 18:51:08.159"/>
</kw>
<kw name="POST Partner" library="services">
<var>${response}</var>
<arg>${partner}</arg>
<kw name="Create Session" library="RequestsLibrary">
<arg>CreatePartner</arg>
<arg>${BASE_URL}</arg>
<doc>Create Session: create a HTTP session to a server</doc>
<msg timestamp="20220422 18:51:08.159" level="INFO">Creating Session using : alias=CreatePartner, url=http://localhost:3333/partners, headers={},                     cookies={}, auth=None, timeout=None, proxies=None, verify=False,                     debug=0 </msg>
<status status="PASS" starttime="20220422 18:51:08.159" endtime="20220422 18:51:08.160"/>
</kw>
<kw name="POST On Session" library="RequestsLibrary">
<var>${Response}</var>
<arg>CreatePartner</arg>
<arg>${BASE_URL}</arg>
<arg>json=${payload}</arg>
<arg>headers=${HEADERS}</arg>
<arg>expected_status=any</arg>
<doc>Sends a POST request on a previously created HTTP Session.</doc>
<msg timestamp="20220422 18:51:08.196" level="INFO">POST Request : url=http://localhost:3333/partners 
 path_url=/partners 
 headers={'User-Agent': 'python-requests/2.27.1', 'Accept-Encoding': 'gzip, deflate', 'Accept': '*/*', 'Connection': 'keep-alive', 'Content-Type': 'application/json', 'auth_user': 'qa', 'auth_password': 'ninja', 'Content-Length': '131'} 
 body=b'{"name": "Jujuba N\\u00e3o Tem Antena", "email": "contato@jujuba.com.br", "whatsapp": "1199991004", "business": "Conveni\\u00eancia"}' 
 </msg>
<msg timestamp="20220422 18:51:08.196" level="INFO">POST Response : url=http://localhost:3333/partners 
 status=201, reason=Created 
 headers={'X-Powered-By': 'Express', 'Access-Control-Allow-Origin': '*', 'Access-Control-Expose-Headers': 'Authorization,auth_user,auth_password', 'Content-Type': 'application/json; charset=utf-8', 'Content-Length': '41', 'ETag': 'W/"29-Jg0BeZK8WT+wFUcf+4nWttd+X7E"', 'Date': 'Fri, 22 Apr 2022 21:51:08 GMT', 'Connection': 'keep-alive', 'Keep-Alive': 'timeout=5'} 
 body={"partner_id":"6263234cca833e138a1bfd10"} 
 </msg>
<msg timestamp="20220422 18:51:08.196" level="INFO">${Response} = &lt;Response [201]&gt;</msg>
<status status="PASS" starttime="20220422 18:51:08.160" endtime="20220422 18:51:08.196"/>
</kw>
<kw name="Set Global Variable" library="BuiltIn">
<arg>${payload}</arg>
<doc>Makes a variable available globally in all tests and suites.</doc>
<msg timestamp="20220422 18:51:08.196" level="INFO">${payload} = {'name': 'Jujuba Não Tem Antena', 'email': 'contato@jujuba.com.br', 'whatsapp': '1199991004', 'business': 'Conveniência'}</msg>
<status status="PASS" starttime="20220422 18:51:08.196" endtime="20220422 18:51:08.196"/>
</kw>
<msg timestamp="20220422 18:51:08.197" level="INFO">${response} = &lt;Response [201]&gt;</msg>
<status status="PASS" starttime="20220422 18:51:08.159" endtime="20220422 18:51:08.197"/>
</kw>
<kw name="Set Variable" library="BuiltIn">
<var>${partner_id}</var>
<arg>${response.json()}[partner_id]</arg>
<doc>Returns the given values which can then be assigned to a variables.</doc>
<msg timestamp="20220422 18:51:08.197" level="INFO">${partner_id} = 6263234cca833e138a1bfd10</msg>
<status status="PASS" starttime="20220422 18:51:08.197" endtime="20220422 18:51:08.197"/>
</kw>
<msg timestamp="20220422 18:51:08.197" level="INFO">${partner_id} = 6263234cca833e138a1bfd10</msg>
<status status="PASS" starttime="20220422 18:51:07.761" endtime="20220422 18:51:08.197"/>
</kw>
<kw name="Enable Partner" library="services">
<var>${response}</var>
<arg>${partner_id}</arg>
<kw name="Create Session" library="RequestsLibrary">
<arg>CreatePartner</arg>
<arg>${BASE_URL}/${partner_id}/enable</arg>
<doc>Create Session: create a HTTP session to a server</doc>
<msg timestamp="20220422 18:51:08.198" level="INFO">Creating Session using : alias=CreatePartner, url=http://localhost:3333/partners/6263234cca833e138a1bfd10/enable, headers={},                     cookies={}, auth=None, timeout=None, proxies=None, verify=False,                     debug=0 </msg>
<status status="PASS" starttime="20220422 18:51:08.198" endtime="20220422 18:51:08.198"/>
</kw>
<kw name="PUT On Session" library="RequestsLibrary">
<var>${Response}</var>
<arg>CreatePartner</arg>
<arg>${BASE_URL}/${partner_id}/enable</arg>
<arg>json=${payload}</arg>
<arg>headers=${HEADERS}</arg>
<arg>expected_status=any</arg>
<doc>Sends a PUT request on a previously created HTTP Session.</doc>
<msg timestamp="20220422 18:51:08.231" level="INFO">PUT Request : url=http://localhost:3333/partners/6263234cca833e138a1bfd10/enable 
 path_url=/partners/6263234cca833e138a1bfd10/enable 
 headers={'User-Agent': 'python-requests/2.27.1', 'Accept-Encoding': 'gzip, deflate', 'Accept': '*/*', 'Connection': 'keep-alive', 'Content-Type': 'application/json', 'auth_user': 'qa', 'auth_password': 'ninja', 'Content-Length': '131'} 
 body=b'{"name": "Jujuba N\\u00e3o Tem Antena", "email": "contato@jujuba.com.br", "whatsapp": "1199991004", "business": "Conveni\\u00eancia"}' 
 </msg>
<msg timestamp="20220422 18:51:08.231" level="INFO">PUT Response : url=http://localhost:3333/partners/6263234cca833e138a1bfd10/enable 
 status=200, reason=OK 
 headers={'X-Powered-By': 'Express', 'Access-Control-Allow-Origin': '*', 'Access-Control-Expose-Headers': 'Authorization,auth_user,auth_password', 'Date': 'Fri, 22 Apr 2022 21:51:08 GMT', 'Connection': 'keep-alive', 'Keep-Alive': 'timeout=5', 'Content-Length': '0'} 
 body=None 
 </msg>
<msg timestamp="20220422 18:51:08.231" level="INFO">${Response} = &lt;Response [200]&gt;</msg>
<status status="PASS" starttime="20220422 18:51:08.199" endtime="20220422 18:51:08.231"/>
</kw>
<msg timestamp="20220422 18:51:08.231" level="INFO">${response} = &lt;Response [200]&gt;</msg>
<status status="PASS" starttime="20220422 18:51:08.198" endtime="20220422 18:51:08.231"/>
</kw>
<kw name="Status Should Be" library="RequestsLibrary">
<arg>200</arg>
<doc>Fails if response status code is different than the expected.</doc>
<status status="PASS" starttime="20220422 18:51:08.232" endtime="20220422 18:51:08.232"/>
</kw>
<status status="PASS" starttime="20220422 18:51:07.759" endtime="20220422 18:51:08.233"/>
</test>
<test id="s1-t2" name="Should disable a partner">
<kw name="Factory Disable Partner" library="partner">
<var>${partner}</var>
<msg timestamp="20220422 18:51:08.235" level="INFO">${partner} = {'name': 'Super24hrs', 'email': 'contato@Super24hrs.com.br', 'whatsapp': '1199991008', 'business': 'Supermercado'}</msg>
<status status="PASS" starttime="20220422 18:51:08.235" endtime="20220422 18:51:08.235"/>
</kw>
<kw name="Create a new partner" library="helpers">
<var>${partner_id}</var>
<arg>${partner}</arg>
<kw name="Remove Partner By Name" library="database">
<arg>${partner}[name]</arg>
<kw name="Create Dictionary" library="BuiltIn">
<var>${Filter}</var>
<arg>name=${Partner_name}</arg>
<doc>Creates and returns a dictionary based on the given ``items``.</doc>
<msg timestamp="20220422 18:51:08.236" level="INFO">${Filter} = {'name': 'Super24hrs'}</msg>
<status status="PASS" starttime="20220422 18:51:08.236" endtime="20220422 18:51:08.236"/>
</kw>
<kw name="Delete One" library="RobotMongoDBLibrary.Delete">
<arg>${MONGO_URI}</arg>
<arg>${Filter}</arg>
<status status="PASS" starttime="20220422 18:51:08.237" endtime="20220422 18:51:08.593"/>
</kw>
<kw name="Set Global Variable" library="BuiltIn">
<arg>${Filter}</arg>
<doc>Makes a variable available globally in all tests and suites.</doc>
<msg timestamp="20220422 18:51:08.593" level="INFO">${Filter} = {'name': 'Super24hrs'}</msg>
<status status="PASS" starttime="20220422 18:51:08.593" endtime="20220422 18:51:08.593"/>
</kw>
<kw name="Set Global Variable" library="BuiltIn">
<arg>${Partner_name}</arg>
<doc>Makes a variable available globally in all tests and suites.</doc>
<msg timestamp="20220422 18:51:08.594" level="INFO">${Partner_name} = Super24hrs</msg>
<status status="PASS" starttime="20220422 18:51:08.594" endtime="20220422 18:51:08.594"/>
</kw>
<status status="PASS" starttime="20220422 18:51:08.236" endtime="20220422 18:51:08.594"/>
</kw>
<kw name="POST Partner" library="services">
<var>${response}</var>
<arg>${partner}</arg>
<kw name="Create Session" library="RequestsLibrary">
<arg>CreatePartner</arg>
<arg>${BASE_URL}</arg>
<doc>Create Session: create a HTTP session to a server</doc>
<msg timestamp="20220422 18:51:08.594" level="INFO">Creating Session using : alias=CreatePartner, url=http://localhost:3333/partners, headers={},                     cookies={}, auth=None, timeout=None, proxies=None, verify=False,                     debug=0 </msg>
<status status="PASS" starttime="20220422 18:51:08.594" endtime="20220422 18:51:08.594"/>
</kw>
<kw name="POST On Session" library="RequestsLibrary">
<var>${Response}</var>
<arg>CreatePartner</arg>
<arg>${BASE_URL}</arg>
<arg>json=${payload}</arg>
<arg>headers=${HEADERS}</arg>
<arg>expected_status=any</arg>
<doc>Sends a POST request on a previously created HTTP Session.</doc>
<msg timestamp="20220422 18:51:08.628" level="INFO">POST Request : url=http://localhost:3333/partners 
 path_url=/partners 
 headers={'User-Agent': 'python-requests/2.27.1', 'Accept-Encoding': 'gzip, deflate', 'Accept': '*/*', 'Connection': 'keep-alive', 'Content-Type': 'application/json', 'auth_user': 'qa', 'auth_password': 'ninja', 'Content-Length': '114'} 
 body=b'{"name": "Super24hrs", "email": "contato@Super24hrs.com.br", "whatsapp": "1199991008", "business": "Supermercado"}' 
 </msg>
<msg timestamp="20220422 18:51:08.628" level="INFO">POST Response : url=http://localhost:3333/partners 
 status=201, reason=Created 
 headers={'X-Powered-By': 'Express', 'Access-Control-Allow-Origin': '*', 'Access-Control-Expose-Headers': 'Authorization,auth_user,auth_password', 'Content-Type': 'application/json; charset=utf-8', 'Content-Length': '41', 'ETag': 'W/"29-JtR3Ty/jnZWLoogVTEPaUlOM3M0"', 'Date': 'Fri, 22 Apr 2022 21:51:08 GMT', 'Connection': 'keep-alive', 'Keep-Alive': 'timeout=5'} 
 body={"partner_id":"6263234cca833e138a1bfd13"} 
 </msg>
<msg timestamp="20220422 18:51:08.628" level="INFO">${Response} = &lt;Response [201]&gt;</msg>
<status status="PASS" starttime="20220422 18:51:08.594" endtime="20220422 18:51:08.628"/>
</kw>
<kw name="Set Global Variable" library="BuiltIn">
<arg>${payload}</arg>
<doc>Makes a variable available globally in all tests and suites.</doc>
<msg timestamp="20220422 18:51:08.629" level="INFO">${payload} = {'name': 'Super24hrs', 'email': 'contato@Super24hrs.com.br', 'whatsapp': '1199991008', 'business': 'Supermercado'}</msg>
<status status="PASS" starttime="20220422 18:51:08.628" endtime="20220422 18:51:08.629"/>
</kw>
<msg timestamp="20220422 18:51:08.629" level="INFO">${response} = &lt;Response [201]&gt;</msg>
<status status="PASS" starttime="20220422 18:51:08.594" endtime="20220422 18:51:08.629"/>
</kw>
<kw name="Set Variable" library="BuiltIn">
<var>${partner_id}</var>
<arg>${response.json()}[partner_id]</arg>
<doc>Returns the given values which can then be assigned to a variables.</doc>
<msg timestamp="20220422 18:51:08.629" level="INFO">${partner_id} = 6263234cca833e138a1bfd13</msg>
<status status="PASS" starttime="20220422 18:51:08.629" endtime="20220422 18:51:08.629"/>
</kw>
<msg timestamp="20220422 18:51:08.629" level="INFO">${partner_id} = 6263234cca833e138a1bfd13</msg>
<status status="PASS" starttime="20220422 18:51:08.236" endtime="20220422 18:51:08.629"/>
</kw>
<kw name="Enable Partner" library="services">
<arg>${partner_id}</arg>
<kw name="Create Session" library="RequestsLibrary">
<arg>CreatePartner</arg>
<arg>${BASE_URL}/${partner_id}/enable</arg>
<doc>Create Session: create a HTTP session to a server</doc>
<msg timestamp="20220422 18:51:08.630" level="INFO">Creating Session using : alias=CreatePartner, url=http://localhost:3333/partners/6263234cca833e138a1bfd13/enable, headers={},                     cookies={}, auth=None, timeout=None, proxies=None, verify=False,                     debug=0 </msg>
<status status="PASS" starttime="20220422 18:51:08.630" endtime="20220422 18:51:08.630"/>
</kw>
<kw name="PUT On Session" library="RequestsLibrary">
<var>${Response}</var>
<arg>CreatePartner</arg>
<arg>${BASE_URL}/${partner_id}/enable</arg>
<arg>json=${payload}</arg>
<arg>headers=${HEADERS}</arg>
<arg>expected_status=any</arg>
<doc>Sends a PUT request on a previously created HTTP Session.</doc>
<msg timestamp="20220422 18:51:08.663" level="INFO">PUT Request : url=http://localhost:3333/partners/6263234cca833e138a1bfd13/enable 
 path_url=/partners/6263234cca833e138a1bfd13/enable 
 headers={'User-Agent': 'python-requests/2.27.1', 'Accept-Encoding': 'gzip, deflate', 'Accept': '*/*', 'Connection': 'keep-alive', 'Content-Type': 'application/json', 'auth_user': 'qa', 'auth_password': 'ninja', 'Content-Length': '114'} 
 body=b'{"name": "Super24hrs", "email": "contato@Super24hrs.com.br", "whatsapp": "1199991008", "business": "Supermercado"}' 
 </msg>
<msg timestamp="20220422 18:51:08.663" level="INFO">PUT Response : url=http://localhost:3333/partners/6263234cca833e138a1bfd13/enable 
 status=200, reason=OK 
 headers={'X-Powered-By': 'Express', 'Access-Control-Allow-Origin': '*', 'Access-Control-Expose-Headers': 'Authorization,auth_user,auth_password', 'Date': 'Fri, 22 Apr 2022 21:51:08 GMT', 'Connection': 'keep-alive', 'Keep-Alive': 'timeout=5', 'Content-Length': '0'} 
 body=None 
 </msg>
<msg timestamp="20220422 18:51:08.663" level="INFO">${Response} = &lt;Response [200]&gt;</msg>
<status status="PASS" starttime="20220422 18:51:08.631" endtime="20220422 18:51:08.663"/>
</kw>
<status status="PASS" starttime="20220422 18:51:08.630" endtime="20220422 18:51:08.663"/>
</kw>
<kw name="Disable Partner" library="services">
<var>${response}</var>
<arg>${partner_id}</arg>
<kw name="Create Session" library="RequestsLibrary">
<arg>CreatePartner</arg>
<arg>${BASE_URL}/${partner_id}/disable</arg>
<doc>Create Session: create a HTTP session to a server</doc>
<msg timestamp="20220422 18:51:08.664" level="INFO">Creating Session using : alias=CreatePartner, url=http://localhost:3333/partners/6263234cca833e138a1bfd13/disable, headers={},                     cookies={}, auth=None, timeout=None, proxies=None, verify=False,                     debug=0 </msg>
<status status="PASS" starttime="20220422 18:51:08.664" endtime="20220422 18:51:08.665"/>
</kw>
<kw name="PUT On Session" library="RequestsLibrary">
<var>${Response}</var>
<arg>CreatePartner</arg>
<arg>${BASE_URL}/${partner_id}/disable</arg>
<arg>json=${payload}</arg>
<arg>headers=${HEADERS}</arg>
<arg>expected_status=any</arg>
<doc>Sends a PUT request on a previously created HTTP Session.</doc>
<msg timestamp="20220422 18:51:08.698" level="INFO">PUT Request : url=http://localhost:3333/partners/6263234cca833e138a1bfd13/disable 
 path_url=/partners/6263234cca833e138a1bfd13/disable 
 headers={'User-Agent': 'python-requests/2.27.1', 'Accept-Encoding': 'gzip, deflate', 'Accept': '*/*', 'Connection': 'keep-alive', 'Content-Type': 'application/json', 'auth_user': 'qa', 'auth_password': 'ninja', 'Content-Length': '114'} 
 body=b'{"name": "Super24hrs", "email": "contato@Super24hrs.com.br", "whatsapp": "1199991008", "business": "Supermercado"}' 
 </msg>
<msg timestamp="20220422 18:51:08.698" level="INFO">PUT Response : url=http://localhost:3333/partners/6263234cca833e138a1bfd13/disable 
 status=200, reason=OK 
 headers={'X-Powered-By': 'Express', 'Access-Control-Allow-Origin': '*', 'Access-Control-Expose-Headers': 'Authorization,auth_user,auth_password', 'Date': 'Fri, 22 Apr 2022 21:51:08 GMT', 'Connection': 'keep-alive', 'Keep-Alive': 'timeout=5', 'Content-Length': '0'} 
 body=None 
 </msg>
<msg timestamp="20220422 18:51:08.698" level="INFO">${Response} = &lt;Response [200]&gt;</msg>
<status status="PASS" starttime="20220422 18:51:08.665" endtime="20220422 18:51:08.698"/>
</kw>
<msg timestamp="20220422 18:51:08.698" level="INFO">${response} = &lt;Response [200]&gt;</msg>
<status status="PASS" starttime="20220422 18:51:08.664" endtime="20220422 18:51:08.698"/>
</kw>
<kw name="Status Should Be" library="RequestsLibrary">
<arg>200</arg>
<doc>Fails if response status code is different than the expected.</doc>
<status status="PASS" starttime="20220422 18:51:08.699" endtime="20220422 18:51:08.699"/>
</kw>
<status status="PASS" starttime="20220422 18:51:08.234" endtime="20220422 18:51:08.700"/>
</test>
<test id="s1-t3" name="Should return 404 on enable a partner">
<kw name="Factory 404 Partner" library="partner">
<var>${partner}</var>
<msg timestamp="20220422 18:51:08.702" level="INFO">${partner} = {'name': 'Joao dos Venenos', 'email': 'contato@venenos.com.br', 'whatsapp': '11999991007', 'business': 'Conveniência'}</msg>
<status status="PASS" starttime="20220422 18:51:08.702" endtime="20220422 18:51:08.702"/>
</kw>
<kw name="Create a new partner" library="helpers">
<var>${partner_id}</var>
<arg>${partner}</arg>
<kw name="Remove Partner By Name" library="database">
<arg>${partner}[name]</arg>
<kw name="Create Dictionary" library="BuiltIn">
<var>${Filter}</var>
<arg>name=${Partner_name}</arg>
<doc>Creates and returns a dictionary based on the given ``items``.</doc>
<msg timestamp="20220422 18:51:08.703" level="INFO">${Filter} = {'name': 'Joao dos Venenos'}</msg>
<status status="PASS" starttime="20220422 18:51:08.702" endtime="20220422 18:51:08.703"/>
</kw>
<kw name="Delete One" library="RobotMongoDBLibrary.Delete">
<arg>${MONGO_URI}</arg>
<arg>${Filter}</arg>
<status status="PASS" starttime="20220422 18:51:08.703" endtime="20220422 18:51:09.140"/>
</kw>
<kw name="Set Global Variable" library="BuiltIn">
<arg>${Filter}</arg>
<doc>Makes a variable available globally in all tests and suites.</doc>
<msg timestamp="20220422 18:51:09.140" level="INFO">${Filter} = {'name': 'Joao dos Venenos'}</msg>
<status status="PASS" starttime="20220422 18:51:09.140" endtime="20220422 18:51:09.140"/>
</kw>
<kw name="Set Global Variable" library="BuiltIn">
<arg>${Partner_name}</arg>
<doc>Makes a variable available globally in all tests and suites.</doc>
<msg timestamp="20220422 18:51:09.141" level="INFO">${Partner_name} = Joao dos Venenos</msg>
<status status="PASS" starttime="20220422 18:51:09.140" endtime="20220422 18:51:09.141"/>
</kw>
<status status="PASS" starttime="20220422 18:51:08.702" endtime="20220422 18:51:09.141"/>
</kw>
<kw name="POST Partner" library="services">
<var>${response}</var>
<arg>${partner}</arg>
<kw name="Create Session" library="RequestsLibrary">
<arg>CreatePartner</arg>
<arg>${BASE_URL}</arg>
<doc>Create Session: create a HTTP session to a server</doc>
<msg timestamp="20220422 18:51:09.141" level="INFO">Creating Session using : alias=CreatePartner, url=http://localhost:3333/partners, headers={},                     cookies={}, auth=None, timeout=None, proxies=None, verify=False,                     debug=0 </msg>
<status status="PASS" starttime="20220422 18:51:09.141" endtime="20220422 18:51:09.141"/>
</kw>
<kw name="POST On Session" library="RequestsLibrary">
<var>${Response}</var>
<arg>CreatePartner</arg>
<arg>${BASE_URL}</arg>
<arg>json=${payload}</arg>
<arg>headers=${HEADERS}</arg>
<arg>expected_status=any</arg>
<doc>Sends a POST request on a previously created HTTP Session.</doc>
<msg timestamp="20220422 18:51:09.176" level="INFO">POST Request : url=http://localhost:3333/partners 
 path_url=/partners 
 headers={'User-Agent': 'python-requests/2.27.1', 'Accept-Encoding': 'gzip, deflate', 'Accept': '*/*', 'Connection': 'keep-alive', 'Content-Type': 'application/json', 'auth_user': 'qa', 'auth_password': 'ninja', 'Content-Length': '123'} 
 body=b'{"name": "Joao dos Venenos", "email": "contato@venenos.com.br", "whatsapp": "11999991007", "business": "Conveni\\u00eancia"}' 
 </msg>
<msg timestamp="20220422 18:51:09.176" level="INFO">POST Response : url=http://localhost:3333/partners 
 status=201, reason=Created 
 headers={'X-Powered-By': 'Express', 'Access-Control-Allow-Origin': '*', 'Access-Control-Expose-Headers': 'Authorization,auth_user,auth_password', 'Content-Type': 'application/json; charset=utf-8', 'Content-Length': '41', 'ETag': 'W/"29-CKf7jRbyb918FUHTptNMyHoxlhQ"', 'Date': 'Fri, 22 Apr 2022 21:51:09 GMT', 'Connection': 'keep-alive', 'Keep-Alive': 'timeout=5'} 
 body={"partner_id":"6263234dca833e138a1bfd17"} 
 </msg>
<msg timestamp="20220422 18:51:09.176" level="INFO">${Response} = &lt;Response [201]&gt;</msg>
<status status="PASS" starttime="20220422 18:51:09.142" endtime="20220422 18:51:09.176"/>
</kw>
<kw name="Set Global Variable" library="BuiltIn">
<arg>${payload}</arg>
<doc>Makes a variable available globally in all tests and suites.</doc>
<msg timestamp="20220422 18:51:09.176" level="INFO">${payload} = {'name': 'Joao dos Venenos', 'email': 'contato@venenos.com.br', 'whatsapp': '11999991007', 'business': 'Conveniência'}</msg>
<status status="PASS" starttime="20220422 18:51:09.176" endtime="20220422 18:51:09.176"/>
</kw>
<msg timestamp="20220422 18:51:09.176" level="INFO">${response} = &lt;Response [201]&gt;</msg>
<status status="PASS" starttime="20220422 18:51:09.141" endtime="20220422 18:51:09.176"/>
</kw>
<kw name="Set Variable" library="BuiltIn">
<var>${partner_id}</var>
<arg>${response.json()}[partner_id]</arg>
<doc>Returns the given values which can then be assigned to a variables.</doc>
<msg timestamp="20220422 18:51:09.177" level="INFO">${partner_id} = 6263234dca833e138a1bfd17</msg>
<status status="PASS" starttime="20220422 18:51:09.177" endtime="20220422 18:51:09.177"/>
</kw>
<msg timestamp="20220422 18:51:09.177" level="INFO">${partner_id} = 6263234dca833e138a1bfd17</msg>
<status status="PASS" starttime="20220422 18:51:08.702" endtime="20220422 18:51:09.177"/>
</kw>
<kw name="Remove Partner By Name" library="database">
<arg>${partner}[name]</arg>
<kw name="Create Dictionary" library="BuiltIn">
<var>${Filter}</var>
<arg>name=${Partner_name}</arg>
<doc>Creates and returns a dictionary based on the given ``items``.</doc>
<msg timestamp="20220422 18:51:09.178" level="INFO">${Filter} = {'name': 'Joao dos Venenos'}</msg>
<status status="PASS" starttime="20220422 18:51:09.178" endtime="20220422 18:51:09.178"/>
</kw>
<kw name="Delete One" library="RobotMongoDBLibrary.Delete">
<arg>${MONGO_URI}</arg>
<arg>${Filter}</arg>
<status status="PASS" starttime="20220422 18:51:09.178" endtime="20220422 18:51:09.498"/>
</kw>
<kw name="Set Global Variable" library="BuiltIn">
<arg>${Filter}</arg>
<doc>Makes a variable available globally in all tests and suites.</doc>
<msg timestamp="20220422 18:51:09.499" level="INFO">${Filter} = {'name': 'Joao dos Venenos'}</msg>
<status status="PASS" starttime="20220422 18:51:09.498" endtime="20220422 18:51:09.499"/>
</kw>
<kw name="Set Global Variable" library="BuiltIn">
<arg>${Partner_name}</arg>
<doc>Makes a variable available globally in all tests and suites.</doc>
<msg timestamp="20220422 18:51:09.499" level="INFO">${Partner_name} = Joao dos Venenos</msg>
<status status="PASS" starttime="20220422 18:51:09.499" endtime="20220422 18:51:09.499"/>
</kw>
<status status="PASS" starttime="20220422 18:51:09.178" endtime="20220422 18:51:09.499"/>
</kw>
<kw name="Enable Partner" library="services">
<var>${response}</var>
<arg>${partner_id}</arg>
<kw name="Create Session" library="RequestsLibrary">
<arg>CreatePartner</arg>
<arg>${BASE_URL}/${partner_id}/enable</arg>
<doc>Create Session: create a HTTP session to a server</doc>
<msg timestamp="20220422 18:51:09.500" level="INFO">Creating Session using : alias=CreatePartner, url=http://localhost:3333/partners/6263234dca833e138a1bfd17/enable, headers={},                     cookies={}, auth=None, timeout=None, proxies=None, verify=False,                     debug=0 </msg>
<status status="PASS" starttime="20220422 18:51:09.500" endtime="20220422 18:51:09.500"/>
</kw>
<kw name="PUT On Session" library="RequestsLibrary">
<var>${Response}</var>
<arg>CreatePartner</arg>
<arg>${BASE_URL}/${partner_id}/enable</arg>
<arg>json=${payload}</arg>
<arg>headers=${HEADERS}</arg>
<arg>expected_status=any</arg>
<doc>Sends a PUT request on a previously created HTTP Session.</doc>
<msg timestamp="20220422 18:51:09.529" level="INFO">PUT Request : url=http://localhost:3333/partners/6263234dca833e138a1bfd17/enable 
 path_url=/partners/6263234dca833e138a1bfd17/enable 
 headers={'User-Agent': 'python-requests/2.27.1', 'Accept-Encoding': 'gzip, deflate', 'Accept': '*/*', 'Connection': 'keep-alive', 'Content-Type': 'application/json', 'auth_user': 'qa', 'auth_password': 'ninja', 'Content-Length': '123'} 
 body=b'{"name": "Joao dos Venenos", "email": "contato@venenos.com.br", "whatsapp": "11999991007", "business": "Conveni\\u00eancia"}' 
 </msg>
<msg timestamp="20220422 18:51:09.529" level="INFO">PUT Response : url=http://localhost:3333/partners/6263234dca833e138a1bfd17/enable 
 status=404, reason=Not Found 
 headers={'X-Powered-By': 'Express', 'Access-Control-Allow-Origin': '*', 'Access-Control-Expose-Headers': 'Authorization,auth_user,auth_password', 'Date': 'Fri, 22 Apr 2022 21:51:09 GMT', 'Connection': 'keep-alive', 'Keep-Alive': 'timeout=5', 'Content-Length': '0'} 
 body=None 
 </msg>
<msg timestamp="20220422 18:51:09.529" level="INFO">${Response} = &lt;Response [404]&gt;</msg>
<status status="PASS" starttime="20220422 18:51:09.500" endtime="20220422 18:51:09.529"/>
</kw>
<msg timestamp="20220422 18:51:09.529" level="INFO">${response} = &lt;Response [404]&gt;</msg>
<status status="PASS" starttime="20220422 18:51:09.500" endtime="20220422 18:51:09.529"/>
</kw>
<kw name="Status Should Be" library="RequestsLibrary">
<arg>404</arg>
<doc>Fails if response status code is different than the expected.</doc>
<status status="PASS" starttime="20220422 18:51:09.530" endtime="20220422 18:51:09.530"/>
</kw>
<status status="PASS" starttime="20220422 18:51:08.701" endtime="20220422 18:51:09.530"/>
</test>
<test id="s1-t4" name="Should return 404 on disable a partner">
<kw name="Factory 404 Partner" library="partner">
<var>${partner}</var>
<msg timestamp="20220422 18:51:09.532" level="INFO">${partner} = {'name': 'Joao dos Venenos', 'email': 'contato@venenos.com.br', 'whatsapp': '11999991007', 'business': 'Conveniência'}</msg>
<status status="PASS" starttime="20220422 18:51:09.532" endtime="20220422 18:51:09.533"/>
</kw>
<kw name="Create a new partner" library="helpers">
<var>${partner_id}</var>
<arg>${partner}</arg>
<kw name="Remove Partner By Name" library="database">
<arg>${partner}[name]</arg>
<kw name="Create Dictionary" library="BuiltIn">
<var>${Filter}</var>
<arg>name=${Partner_name}</arg>
<doc>Creates and returns a dictionary based on the given ``items``.</doc>
<msg timestamp="20220422 18:51:09.534" level="INFO">${Filter} = {'name': 'Joao dos Venenos'}</msg>
<status status="PASS" starttime="20220422 18:51:09.533" endtime="20220422 18:51:09.534"/>
</kw>
<kw name="Delete One" library="RobotMongoDBLibrary.Delete">
<arg>${MONGO_URI}</arg>
<arg>${Filter}</arg>
<status status="PASS" starttime="20220422 18:51:09.534" endtime="20220422 18:51:09.846"/>
</kw>
<kw name="Set Global Variable" library="BuiltIn">
<arg>${Filter}</arg>
<doc>Makes a variable available globally in all tests and suites.</doc>
<msg timestamp="20220422 18:51:09.846" level="INFO">${Filter} = {'name': 'Joao dos Venenos'}</msg>
<status status="PASS" starttime="20220422 18:51:09.846" endtime="20220422 18:51:09.846"/>
</kw>
<kw name="Set Global Variable" library="BuiltIn">
<arg>${Partner_name}</arg>
<doc>Makes a variable available globally in all tests and suites.</doc>
<msg timestamp="20220422 18:51:09.848" level="INFO">${Partner_name} = Joao dos Venenos</msg>
<status status="PASS" starttime="20220422 18:51:09.846" endtime="20220422 18:51:09.848"/>
</kw>
<status status="PASS" starttime="20220422 18:51:09.533" endtime="20220422 18:51:09.848"/>
</kw>
<kw name="POST Partner" library="services">
<var>${response}</var>
<arg>${partner}</arg>
<kw name="Create Session" library="RequestsLibrary">
<arg>CreatePartner</arg>
<arg>${BASE_URL}</arg>
<doc>Create Session: create a HTTP session to a server</doc>
<msg timestamp="20220422 18:51:09.848" level="INFO">Creating Session using : alias=CreatePartner, url=http://localhost:3333/partners, headers={},                     cookies={}, auth=None, timeout=None, proxies=None, verify=False,                     debug=0 </msg>
<status status="PASS" starttime="20220422 18:51:09.848" endtime="20220422 18:51:09.848"/>
</kw>
<kw name="POST On Session" library="RequestsLibrary">
<var>${Response}</var>
<arg>CreatePartner</arg>
<arg>${BASE_URL}</arg>
<arg>json=${payload}</arg>
<arg>headers=${HEADERS}</arg>
<arg>expected_status=any</arg>
<doc>Sends a POST request on a previously created HTTP Session.</doc>
<msg timestamp="20220422 18:51:09.880" level="INFO">POST Request : url=http://localhost:3333/partners 
 path_url=/partners 
 headers={'User-Agent': 'python-requests/2.27.1', 'Accept-Encoding': 'gzip, deflate', 'Accept': '*/*', 'Connection': 'keep-alive', 'Content-Type': 'application/json', 'auth_user': 'qa', 'auth_password': 'ninja', 'Content-Length': '123'} 
 body=b'{"name": "Joao dos Venenos", "email": "contato@venenos.com.br", "whatsapp": "11999991007", "business": "Conveni\\u00eancia"}' 
 </msg>
<msg timestamp="20220422 18:51:09.880" level="INFO">POST Response : url=http://localhost:3333/partners 
 status=201, reason=Created 
 headers={'X-Powered-By': 'Express', 'Access-Control-Allow-Origin': '*', 'Access-Control-Expose-Headers': 'Authorization,auth_user,auth_password', 'Content-Type': 'application/json; charset=utf-8', 'Content-Length': '41', 'ETag': 'W/"29-hjXrtFPw2yLqe6QC+n6ImjVfKeA"', 'Date': 'Fri, 22 Apr 2022 21:51:09 GMT', 'Connection': 'keep-alive', 'Keep-Alive': 'timeout=5'} 
 body={"partner_id":"6263234dca833e138a1bfd1a"} 
 </msg>
<msg timestamp="20220422 18:51:09.880" level="INFO">${Response} = &lt;Response [201]&gt;</msg>
<status status="PASS" starttime="20220422 18:51:09.848" endtime="20220422 18:51:09.880"/>
</kw>
<kw name="Set Global Variable" library="BuiltIn">
<arg>${payload}</arg>
<doc>Makes a variable available globally in all tests and suites.</doc>
<msg timestamp="20220422 18:51:09.881" level="INFO">${payload} = {'name': 'Joao dos Venenos', 'email': 'contato@venenos.com.br', 'whatsapp': '11999991007', 'business': 'Conveniência'}</msg>
<status status="PASS" starttime="20220422 18:51:09.880" endtime="20220422 18:51:09.881"/>
</kw>
<msg timestamp="20220422 18:51:09.881" level="INFO">${response} = &lt;Response [201]&gt;</msg>
<status status="PASS" starttime="20220422 18:51:09.848" endtime="20220422 18:51:09.881"/>
</kw>
<kw name="Set Variable" library="BuiltIn">
<var>${partner_id}</var>
<arg>${response.json()}[partner_id]</arg>
<doc>Returns the given values which can then be assigned to a variables.</doc>
<msg timestamp="20220422 18:51:09.881" level="INFO">${partner_id} = 6263234dca833e138a1bfd1a</msg>
<status status="PASS" starttime="20220422 18:51:09.881" endtime="20220422 18:51:09.881"/>
</kw>
<msg timestamp="20220422 18:51:09.881" level="INFO">${partner_id} = 6263234dca833e138a1bfd1a</msg>
<status status="PASS" starttime="20220422 18:51:09.533" endtime="20220422 18:51:09.881"/>
</kw>
<kw name="Remove Partner By Name" library="database">
<arg>${partner}[name]</arg>
<kw name="Create Dictionary" library="BuiltIn">
<var>${Filter}</var>
<arg>name=${Partner_name}</arg>
<doc>Creates and returns a dictionary based on the given ``items``.</doc>
<msg timestamp="20220422 18:51:09.882" level="INFO">${Filter} = {'name': 'Joao dos Venenos'}</msg>
<status status="PASS" starttime="20220422 18:51:09.882" endtime="20220422 18:51:09.882"/>
</kw>
<kw name="Delete One" library="RobotMongoDBLibrary.Delete">
<arg>${MONGO_URI}</arg>
<arg>${Filter}</arg>
<status status="PASS" starttime="20220422 18:51:09.883" endtime="20220422 18:51:10.224"/>
</kw>
<kw name="Set Global Variable" library="BuiltIn">
<arg>${Filter}</arg>
<doc>Makes a variable available globally in all tests and suites.</doc>
<msg timestamp="20220422 18:51:10.225" level="INFO">${Filter} = {'name': 'Joao dos Venenos'}</msg>
<status status="PASS" starttime="20220422 18:51:10.225" endtime="20220422 18:51:10.225"/>
</kw>
<kw name="Set Global Variable" library="BuiltIn">
<arg>${Partner_name}</arg>
<doc>Makes a variable available globally in all tests and suites.</doc>
<msg timestamp="20220422 18:51:10.225" level="INFO">${Partner_name} = Joao dos Venenos</msg>
<status status="PASS" starttime="20220422 18:51:10.225" endtime="20220422 18:51:10.225"/>
</kw>
<status status="PASS" starttime="20220422 18:51:09.882" endtime="20220422 18:51:10.225"/>
</kw>
<kw name="Disable Partner" library="services">
<var>${response}</var>
<arg>${partner_id}</arg>
<kw name="Create Session" library="RequestsLibrary">
<arg>CreatePartner</arg>
<arg>${BASE_URL}/${partner_id}/disable</arg>
<doc>Create Session: create a HTTP session to a server</doc>
<msg timestamp="20220422 18:51:10.227" level="INFO">Creating Session using : alias=CreatePartner, url=http://localhost:3333/partners/6263234dca833e138a1bfd1a/disable, headers={},                     cookies={}, auth=None, timeout=None, proxies=None, verify=False,                     debug=0 </msg>
<status status="PASS" starttime="20220422 18:51:10.226" endtime="20220422 18:51:10.227"/>
</kw>
<kw name="PUT On Session" library="RequestsLibrary">
<var>${Response}</var>
<arg>CreatePartner</arg>
<arg>${BASE_URL}/${partner_id}/disable</arg>
<arg>json=${payload}</arg>
<arg>headers=${HEADERS}</arg>
<arg>expected_status=any</arg>
<doc>Sends a PUT request on a previously created HTTP Session.</doc>
<msg timestamp="20220422 18:51:10.254" level="INFO">PUT Request : url=http://localhost:3333/partners/6263234dca833e138a1bfd1a/disable 
 path_url=/partners/6263234dca833e138a1bfd1a/disable 
 headers={'User-Agent': 'python-requests/2.27.1', 'Accept-Encoding': 'gzip, deflate', 'Accept': '*/*', 'Connection': 'keep-alive', 'Content-Type': 'application/json', 'auth_user': 'qa', 'auth_password': 'ninja', 'Content-Length': '123'} 
 body=b'{"name": "Joao dos Venenos", "email": "contato@venenos.com.br", "whatsapp": "11999991007", "business": "Conveni\\u00eancia"}' 
 </msg>
<msg timestamp="20220422 18:51:10.254" level="INFO">PUT Response : url=http://localhost:3333/partners/6263234dca833e138a1bfd1a/disable 
 status=404, reason=Not Found 
 headers={'X-Powered-By': 'Express', 'Access-Control-Allow-Origin': '*', 'Access-Control-Expose-Headers': 'Authorization,auth_user,auth_password', 'Date': 'Fri, 22 Apr 2022 21:51:10 GMT', 'Connection': 'keep-alive', 'Keep-Alive': 'timeout=5', 'Content-Length': '0'} 
 body=None 
 </msg>
<msg timestamp="20220422 18:51:10.254" level="INFO">${Response} = &lt;Response [404]&gt;</msg>
<status status="PASS" starttime="20220422 18:51:10.227" endtime="20220422 18:51:10.254"/>
</kw>
<msg timestamp="20220422 18:51:10.256" level="INFO">${response} = &lt;Response [404]&gt;</msg>
<status status="PASS" starttime="20220422 18:51:10.226" endtime="20220422 18:51:10.256"/>
</kw>
<kw name="Status Should Be" library="RequestsLibrary">
<arg>404</arg>
<doc>Fails if response status code is different than the expected.</doc>
<status status="PASS" starttime="20220422 18:51:10.256" endtime="20220422 18:51:10.256"/>
</kw>
<status status="PASS" starttime="20220422 18:51:09.532" endtime="20220422 18:51:10.256"/>
</test>
<doc>POST /partners</doc>
<status status="PASS" starttime="20220422 18:51:07.395" endtime="20220422 18:51:10.258"/>
</suite>
<statistics>
<total>
<stat pass="4" fail="0" skip="0">All Tests</stat>
</total>
<tag>
</tag>
<suite>
<stat pass="4" fail="0" skip="0" id="s1" name="Put">Put</stat>
</suite>
</statistics>
<errors>
</errors>
</robot>
