<?xml version="1.0" encoding="UTF-8"?>
<robot generator="Robot 4.1.3 (Python 3.10.2 on win32)" generated="20220421 13:05:48.737" rpa="false" schemaversion="2">
<suite id="s1" name="TestsAPI" source="C:\Users\Tiago Gomes\OneDrive\Documentos\Automação de Testes\RobotFramework\API_Expert\buger-eats-partner-ms\TestsAPI">
<suite id="s1-s1" name="Tests" source="C:\Users\Tiago Gomes\OneDrive\Documentos\Automação de Testes\RobotFramework\API_Expert\buger-eats-partner-ms\TestsAPI\Tests">
<suite id="s1-s1-s1" name="Post" source="C:\Users\Tiago Gomes\OneDrive\Documentos\Automação de Testes\RobotFramework\API_Expert\buger-eats-partner-ms\TestsAPI\Tests\post.robot">
<test id="s1-s1-s1-t1" name="Conectar a API BugerEats">
<kw name="Create Session" library="RequestsLibrary">
<arg>CreatePartner</arg>
<arg>${BASE_URL}</arg>
<doc>Create Session: create a HTTP session to a server</doc>
<msg timestamp="20220421 13:05:49.151" level="INFO">Creating Session using : alias=CreatePartner, url=http://localhost:3333/partners, headers={},                     cookies={}, auth=None, timeout=None, proxies=None, verify=False,                     debug=0 </msg>
<status status="PASS" starttime="20220421 13:05:49.150" endtime="20220421 13:05:49.151"/>
</kw>
<status status="PASS" starttime="20220421 13:05:49.149" endtime="20220421 13:05:49.151"/>
</test>
<test id="s1-s1-s1-t2" name="Should delete a partner">
<kw name="Create Dictionary" library="BuiltIn">
<var>${Filter}</var>
<arg>name=Pizzas Papito</arg>
<doc>Creates and returns a dictionary based on the given ``items``.</doc>
<msg timestamp="20220421 13:05:49.154" level="INFO">${Filter} = {'name': 'Pizzas Papito'}</msg>
<status status="PASS" starttime="20220421 13:05:49.153" endtime="20220421 13:05:49.154"/>
</kw>
<kw name="Set Suite Variable" library="BuiltIn">
<arg>${Filter}</arg>
<doc>Makes a variable available everywhere within the scope of the current suite.</doc>
<msg timestamp="20220421 13:05:49.154" level="INFO">${Filter} = {'name': 'Pizzas Papito'}</msg>
<status status="PASS" starttime="20220421 13:05:49.154" endtime="20220421 13:05:49.154"/>
</kw>
<kw name="Delete One" library="RobotMongoDBLibrary.Delete">
<arg>${MONGO_URI}</arg>
<arg>${Filter}</arg>
<status status="PASS" starttime="20220421 13:05:49.155" endtime="20220421 13:05:49.600"/>
</kw>
<status status="PASS" starttime="20220421 13:05:49.153" endtime="20220421 13:05:49.601"/>
</test>
<test id="s1-s1-s1-t3" name="Should create a new partner">
<kw name="Create Dictionary" library="BuiltIn">
<var>${PayLoad}</var>
<arg>name=Pizzas Papito</arg>
<arg>email=contato@papito.com.br</arg>
<arg>whatsapp=11999999999</arg>
<arg>business=Restaurante</arg>
<doc>Creates and returns a dictionary based on the given ``items``.</doc>
<msg timestamp="20220421 13:05:49.604" level="INFO">${PayLoad} = {'name': 'Pizzas Papito', 'email': 'contato@papito.com.br', 'whatsapp': '11999999999', 'business': 'Restaurante'}</msg>
<status status="PASS" starttime="20220421 13:05:49.603" endtime="20220421 13:05:49.604"/>
</kw>
<kw name="Create Dictionary" library="BuiltIn">
<var>${Headers}</var>
<arg>Content-Type=application/json</arg>
<arg>auth_user=qa</arg>
<arg>auth_password=ninja</arg>
<doc>Creates and returns a dictionary based on the given ``items``.</doc>
<msg timestamp="20220421 13:05:49.605" level="INFO">${Headers} = {'Content-Type': 'application/json', 'auth_user': 'qa', 'auth_password': 'ninja'}</msg>
<status status="PASS" starttime="20220421 13:05:49.604" endtime="20220421 13:05:49.605"/>
</kw>
<kw name="POST On Session" library="RequestsLibrary">
<var>${Reponse}</var>
<arg>CreatePartner</arg>
<arg>${BASE_URL}</arg>
<arg>json=${payload}</arg>
<arg>headers=${headers}</arg>
<arg>expected_status=201</arg>
<doc>Sends a POST request on a previously created HTTP Session.</doc>
<msg timestamp="20220421 13:05:49.649" level="INFO">POST Request : url=http://localhost:3333/partners 
 path_url=/partners 
 headers={'User-Agent': 'python-requests/2.27.1', 'Accept-Encoding': 'gzip, deflate', 'Accept': '*/*', 'Connection': 'keep-alive', 'Content-Type': 'application/json', 'auth_user': 'qa', 'auth_password': 'ninja', 'Content-Length': '113'} 
 body=b'{"name": "Pizzas Papito", "email": "contato@papito.com.br", "whatsapp": "11999999999", "business": "Restaurante"}' 
 </msg>
<msg timestamp="20220421 13:05:49.649" level="INFO">POST Response : url=http://localhost:3333/partners 
 status=201, reason=Created 
 headers={'X-Powered-By': 'Express', 'Access-Control-Allow-Origin': '*', 'Access-Control-Expose-Headers': 'Authorization,auth_user,auth_password', 'Content-Type': 'application/json; charset=utf-8', 'Content-Length': '41', 'ETag': 'W/"29-IaWJjPDZCtfRyAcby3yrArHx7bY"', 'Date': 'Thu, 21 Apr 2022 16:05:49 GMT', 'Connection': 'keep-alive', 'Keep-Alive': 'timeout=5'} 
 body={"partner_id":"626180dd8c3c88007adc5422"} 
 </msg>
<msg timestamp="20220421 13:05:49.650" level="INFO">${Reponse} = &lt;Response [201]&gt;</msg>
<status status="PASS" starttime="20220421 13:05:49.606" endtime="20220421 13:05:49.650"/>
</kw>
<kw name="Log To Console" library="BuiltIn">
<arg>${Reponse.json()}[partner_id]</arg>
<doc>Logs the given message to the console.</doc>
<status status="PASS" starttime="20220421 13:05:49.650" endtime="20220421 13:05:49.650"/>
</kw>
<kw name="Find" library="RobotMongoDBLibrary.Find">
<var>${results}</var>
<arg>${MONGO_URI}</arg>
<arg>${Filter}</arg>
<msg timestamp="20220421 13:05:50.158" level="INFO">${results} = [{'_id': '626180dd8c3c88007adc5422', 'name': 'Pizzas Papito', 'email': 'contato@papito.com.br', 'whatsapp': '11999999999', 'business': 'Restaurante', 'active': False, 'created_at': datetime.datetime(2...</msg>
<status status="PASS" starttime="20220421 13:05:49.651" endtime="20220421 13:05:50.158"/>
</kw>
<kw name="Log To Console" library="BuiltIn">
<arg>${results}[0][_id]</arg>
<doc>Logs the given message to the console.</doc>
<status status="PASS" starttime="20220421 13:05:50.158" endtime="20220421 13:05:50.159"/>
</kw>
<kw name="Should Be Equal" library="BuiltIn">
<arg>${Reponse.json()}[partner_id]</arg>
<arg>${results}[0][_id]</arg>
<doc>Fails if the given objects are unequal.</doc>
<status status="PASS" starttime="20220421 13:05:50.159" endtime="20220421 13:05:50.160"/>
</kw>
<status status="PASS" starttime="20220421 13:05:49.603" endtime="20220421 13:05:50.161"/>
</test>
<doc>POST /partners</doc>
<status status="PASS" starttime="20220421 13:05:48.758" endtime="20220421 13:05:50.162"/>
</suite>
<status status="PASS" starttime="20220421 13:05:48.756" endtime="20220421 13:05:50.164"/>
</suite>
<status status="PASS" starttime="20220421 13:05:48.738" endtime="20220421 13:05:50.166"/>
</suite>
<statistics>
<total>
<stat pass="3" fail="0" skip="0">All Tests</stat>
</total>
<tag>
</tag>
<suite>
<stat pass="3" fail="0" skip="0" id="s1" name="TestsAPI">TestsAPI</stat>
<stat pass="3" fail="0" skip="0" id="s1-s1" name="Tests">TestsAPI.Tests</stat>
<stat pass="3" fail="0" skip="0" id="s1-s1-s1" name="Post">TestsAPI.Tests.Post</stat>
</suite>
</statistics>
<errors>
</errors>
</robot>
