<?xml version="1.0" encoding="UTF-8"?>
<robot generator="Robot 4.1.3 (Python 3.10.2 on win32)" generated="20220415 07:53:10.835" rpa="false" schemaversion="2">
<suite id="s1" name="Robot Interactive Console" source="c:\Users\Tiago Gomes\.vscode\extensions\robocorp.robotframework-lsp-0.45.2\src\robotframework_ls\vendored\robotframework_interactive\robot_interactive_console.robot">
<test id="s1-t1" name="Default Task/Test">
<kw name="Interpreter Main Loop" library="MainLoop">
<status status="PASS" starttime="20220415 07:53:10.856" endtime="20220415 07:53:14.833"/>
</kw>
<status status="PASS" starttime="20220415 07:53:10.856" endtime="20220415 07:53:14.833"/>
</test>
<status status="PASS" starttime="20220415 07:53:10.837" endtime="20220415 07:53:14.834"/>
</suite>
<statistics>
<total>
<stat pass="1" fail="0" skip="0">All Tests</stat>
</total>
<tag>
</tag>
<suite>
<stat pass="1" fail="0" skip="0" id="s1" name="Robot Interactive Console">Robot Interactive Console</stat>
</suite>
</statistics>
<errors>
</errors>
</robot>
